SF:c:\Users\BudoB\OneDrive\Dokumenter Tekst\Programmering\CourseProject\CourseProjectCSharp\src\legacy\ProgramNew.cs
FN:6,System.Void NewProgram::.ctor()
FNDA:0,System.Void NewProgram::.ctor()
DA:7,0
DA:9,0
FN:12,System.String PersonClass::get_FirstName()
FNDA:0,System.String PersonClass::get_FirstName()
DA:13,0
FN:13,System.String PersonClass::get_LastName()
FNDA:0,System.String PersonClass::get_LastName()
DA:14,0
FN:14,System.Int32 PersonClass::get_Age()
FNDA:0,System.Int32 PersonClass::get_Age()
DA:15,0
FN:15,System.Void PersonClass::.ctor(System.String,System.String,System.Int32)
FNDA:0,System.Void PersonClass::.ctor(System.String,System.String,System.Int32)
DA:16,0
DA:17,0
DA:18,0
DA:19,0
DA:20,0
DA:21,0
LF:11
LH:0
BRF:0
BRH:0
FNF:5
FNH:0
end_of_record
SF:c:\Users\BudoB\OneDrive\Dokumenter Tekst\Programmering\CourseProject\CourseProjectCSharp\src\BusinessLogicLayer\scraping\Parsers\EvaluationParsing\EvalPageSetEmptyValues.cs
FN:6,System.String CourseProject.EvalDefaults::get_ID()
FNDA:0,System.String CourseProject.EvalDefaults::get_ID()
DA:7,0
FN:7,System.String CourseProject.EvalDefaults::get_Name()
FNDA:0,System.String CourseProject.EvalDefaults::get_Name()
DA:8,0
FN:8,System.String CourseProject.EvalDefaults::get_Term()
FNDA:0,System.String CourseProject.EvalDefaults::get_Term()
DA:9,0
FN:9,System.Int32 CourseProject.EvalDefaults::get_CouldRespond()
FNDA:0,System.Int32 CourseProject.EvalDefaults::get_CouldRespond()
DA:10,0
FN:10,System.Int32 CourseProject.EvalDefaults::get_DidRespond()
FNDA:0,System.Int32 CourseProject.EvalDefaults::get_DidRespond()
DA:11,0
FN:11,System.Int32 CourseProject.EvalDefaults::get_ShouldNotRespond()
FNDA:0,System.Int32 CourseProject.EvalDefaults::get_ShouldNotRespond()
DA:12,0
FN:12,System.String CourseProject.EvalDefaults::get_LastUpdated()
FNDA:0,System.String CourseProject.EvalDefaults::get_LastUpdated()
DA:13,0
FN:13,System.Collections.Generic.List`1<CourseProject.Eval> CourseProject.EvalDefaults::get_EvalList()
FNDA:0,System.Collections.Generic.List`1<CourseProject.Eval> CourseProject.EvalDefaults::get_EvalList()
DA:14,0
FN:14,System.Int32 CourseProject.EvalDefaults::get_EvalWebsiteUrlNumber()
FNDA:0,System.Int32 CourseProject.EvalDefaults::get_EvalWebsiteUrlNumber()
DA:15,0
FN:15,System.Void CourseProject.EvalDefaults::.ctor()
FNDA:0,System.Void CourseProject.EvalDefaults::.ctor()
DA:16,0
DA:17,0
DA:18,0
DA:19,0
DA:20,0
DA:21,0
DA:22,0
DA:23,0
DA:24,0
DA:25,0
DA:26,0
DA:27,0
LF:21
LH:0
BRF:0
BRH:0
FNF:10
FNH:0
end_of_record
SF:c:\Users\BudoB\OneDrive\Dokumenter Tekst\Programmering\CourseProject\CourseProjectCSharp\src\BusinessLogicLayer\scraping\Parsers\EvaluationParsing\EvaluationParser.cs
FN:6,System.String CourseProject.EvalParser::get_PageSource()
FNDA:0,System.String CourseProject.EvalParser::get_PageSource()
DA:7,0
FN:7,System.String CourseProject.EvalParser::get_ID()
FNDA:0,System.String CourseProject.EvalParser::get_ID()
DA:8,0
FN:8,System.String CourseProject.EvalParser::get_Name()
FNDA:0,System.String CourseProject.EvalParser::get_Name()
DA:9,0
FN:9,System.String CourseProject.EvalParser::get_Term()
FNDA:0,System.String CourseProject.EvalParser::get_Term()
DA:10,0
FN:10,System.Int32 CourseProject.EvalParser::get_CouldRespond()
FNDA:0,System.Int32 CourseProject.EvalParser::get_CouldRespond()
DA:11,0
FN:11,System.Int32 CourseProject.EvalParser::get_DidRespond()
FNDA:0,System.Int32 CourseProject.EvalParser::get_DidRespond()
DA:12,0
FN:12,System.Int32 CourseProject.EvalParser::get_ShouldNotRespond()
FNDA:0,System.Int32 CourseProject.EvalParser::get_ShouldNotRespond()
DA:13,0
FN:13,System.String CourseProject.EvalParser::get_LastUpdated()
FNDA:0,System.String CourseProject.EvalParser::get_LastUpdated()
DA:14,0
FN:14,System.Collections.Generic.List`1<CourseProject.Eval> CourseProject.EvalParser::get_EvalList()
FNDA:0,System.Collections.Generic.List`1<CourseProject.Eval> CourseProject.EvalParser::get_EvalList()
DA:15,0
FN:15,System.Int32 CourseProject.EvalParser::get_EvalWebsiteUrlNumber()
FNDA:0,System.Int32 CourseProject.EvalParser::get_EvalWebsiteUrlNumber()
DA:16,0
FN:55,System.String CourseProject.EvalParser::ParseID()
FNDA:0,System.String CourseProject.EvalParser::ParseID()
DA:56,0
DA:57,0
DA:58,0
DA:59,0
DA:60,0
DA:62,0
DA:63,0
FN:65,System.String CourseProject.EvalParser::ParseName()
FNDA:0,System.String CourseProject.EvalParser::ParseName()
DA:66,0
DA:67,0
DA:68,0
DA:69,0
DA:70,0
DA:72,0
DA:73,0
FN:75,System.String CourseProject.EvalParser::ParseTerm()
FNDA:0,System.String CourseProject.EvalParser::ParseTerm()
DA:76,0
DA:77,0
DA:78,0
DA:79,0
DA:80,0
DA:82,0
DA:83,0
FN:85,System.Int32 CourseProject.EvalParser::ParseCouldRespond()
FNDA:0,System.Int32 CourseProject.EvalParser::ParseCouldRespond()
DA:86,0
DA:87,0
DA:88,0
DA:89,0
DA:90,0
DA:91,0
DA:92,0
DA:93,0
FN:95,System.Int32 CourseProject.EvalParser::ParseDidRespond()
FNDA:0,System.Int32 CourseProject.EvalParser::ParseDidRespond()
DA:96,0
DA:97,0
DA:98,0
DA:99,0
DA:100,0
DA:101,0
DA:102,0
DA:103,0
FN:105,System.Int32 CourseProject.EvalParser::ParseShouldNotRespond()
FNDA:0,System.Int32 CourseProject.EvalParser::ParseShouldNotRespond()
DA:106,0
DA:107,0
DA:108,0
DA:109,0
DA:110,0
DA:111,0
DA:112,0
DA:113,0
FN:115,System.String CourseProject.EvalParser::ParseLastUpdated()
FNDA:0,System.String CourseProject.EvalParser::ParseLastUpdated()
DA:116,0
DA:117,0
DA:118,0
DA:119,0
DA:120,0
DA:121,0
DA:122,0
FN:124,System.Collections.Generic.List`1<CourseProject.Eval> CourseProject.EvalParser::ParseEvalList()
FNDA:0,System.Collections.Generic.List`1<CourseProject.Eval> CourseProject.EvalParser::ParseEvalList()
DA:125,0
DA:126,0
DA:127,0
DA:128,0
DA:129,0
DA:130,0
DA:131,0
DA:132,0
DA:133,0
DA:134,0
DA:135,0
DA:137,0
DA:138,0
BRDA:127,79,1,0
BRDA:127,79,0,0
BRDA:133,111,0,0
BRDA:133,111,1,0
FN:140,System.Collections.Generic.List`1<CourseProject.Eval> CourseProject.EvalParser::ParseLegacyEvalList()
FNDA:0,System.Collections.Generic.List`1<CourseProject.Eval> CourseProject.EvalParser::ParseLegacyEvalList()
DA:141,0
DA:142,0
DA:143,0
DA:144,0
DA:145,0
DA:146,0
DA:147,0
DA:148,0
DA:149,0
DA:150,0
BRDA:143,79,1,0
BRDA:143,79,0,0
FN:152,System.Collections.Generic.Dictionary`2<System.String,System.Int32> CourseProject.EvalParser::ParseQuestion(System.String)
FNDA:0,System.Collections.Generic.Dictionary`2<System.String,System.Int32> CourseProject.EvalParser::ParseQuestion(System.String)
DA:153,0
DA:154,0
DA:155,0
DA:156,0
DA:157,0
DA:158,0
FN:160,System.String CourseProject.EvalParser::IsolateQuestionSection(System.String,System.String)
FNDA:0,System.String CourseProject.EvalParser::IsolateQuestionSection(System.String,System.String)
DA:161,0
DA:162,0
DA:163,0
DA:164,0
DA:165,0
DA:166,0
DA:167,0
FN:169,System.Void CourseProject.EvalParser::AddOptionsToDict(System.Collections.Generic.Dictionary`2<System.String,System.Int32>,System.String)
FNDA:0,System.Void CourseProject.EvalParser::AddOptionsToDict(System.Collections.Generic.Dictionary`2<System.String,System.Int32>,System.String)
DA:170,0
DA:171,0
DA:172,0
DA:173,0
DA:174,0
DA:175,0
DA:176,0
DA:177,0
DA:178,0
DA:179,0
DA:180,0
DA:181,0
DA:182,0
DA:183,0
DA:184,0
DA:185,0
DA:187,0
DA:188,0
DA:189,0
DA:190,0
DA:191,0
DA:192,0
DA:193,0
BRDA:178,154,1,0
BRDA:182,98,0,0
BRDA:182,98,1,0
BRDA:178,154,0,0
FN:196,System.String CourseProject.EvalParser::FixLegacyEvalAnswers(System.Int32,System.String)
FNDA:0,System.String CourseProject.EvalParser::FixLegacyEvalAnswers(System.Int32,System.String)
DA:197,0
DA:198,0
DA:199,0
DA:200,0
DA:201,0
DA:202,0
DA:204,0
DA:205,0
DA:206,0
DA:208,0
DA:209,0
DA:210,0
DA:212,0
DA:213,0
DA:214,0
DA:215,0
DA:217,0
DA:218,0
DA:219,0
DA:220,0
DA:221,0
DA:223,0
DA:224,0
DA:225,0
DA:227,0
DA:228,0
DA:229,0
DA:231,0
DA:232,0
DA:233,0
DA:234,0
BRDA:198,7,0,0
BRDA:200,23,0,0
BRDA:200,23,1,0
BRDA:204,50,0,0
BRDA:204,50,1,0
BRDA:208,79,0,0
BRDA:208,79,1,0
BRDA:198,7,1,0
BRDA:213,104,0,0
BRDA:213,104,1,0
BRDA:217,126,0,0
BRDA:219,144,0,0
BRDA:219,144,1,0
BRDA:223,170,0,0
BRDA:223,170,1,0
BRDA:227,196,0,0
BRDA:227,196,1,0
BRDA:217,126,1,0
FN:17,System.Void CourseProject.EvalParser::.ctor(System.String)
FNDA:0,System.Void CourseProject.EvalParser::.ctor(System.String)
DA:18,0
DA:19,0
DA:20,0
DA:21,0
DA:22,0
DA:23,0
DA:24,0
DA:25,0
DA:26,0
DA:27,0
DA:28,0
DA:29,0
DA:30,0
FN:31,System.Void CourseProject.EvalParser::.cctor()
FNDA:0,System.Void CourseProject.EvalParser::.cctor()
DA:32,0
DA:33,0
DA:34,0
DA:35,0
DA:36,0
DA:37,0
DA:38,0
DA:39,0
DA:40,0
DA:42,0
DA:43,0
DA:44,0
DA:45,0
DA:46,0
DA:47,0
DA:48,0
DA:49,0
DA:50,0
DA:51,0
DA:52,0
DA:53,0
LF:186
LH:0
BRF:28
BRH:0
FNF:25
FNH:0
end_of_record
SF:c:\Users\BudoB\OneDrive\Dokumenter Tekst\Programmering\CourseProject\CourseProjectCSharp\src\BusinessLogicLayer\scraping\Parsers\GradeParsing\GradePageSetEmptyValues.cs
FN:6,System.String CourseProject.GradeDefaults::get_ID()
FNDA:0,System.String CourseProject.GradeDefaults::get_ID()
DA:7,0
FN:7,System.String CourseProject.GradeDefaults::get_Name()
FNDA:0,System.String CourseProject.GradeDefaults::get_Name()
DA:8,0
FN:8,System.String CourseProject.GradeDefaults::get_ExamPeriod()
FNDA:0,System.String CourseProject.GradeDefaults::get_ExamPeriod()
DA:9,0
FN:9,System.Collections.Generic.List`1<System.String> CourseProject.GradeDefaults::get_OtherVersions()
FNDA:0,System.Collections.Generic.List`1<System.String> CourseProject.GradeDefaults::get_OtherVersions()
DA:10,0
FN:10,System.String CourseProject.GradeDefaults::get_LastUpdated()
FNDA:0,System.String CourseProject.GradeDefaults::get_LastUpdated()
DA:11,0
FN:11,System.Collections.Generic.List`1<CourseProject.Grade> CourseProject.GradeDefaults::get_GradeList()
FNDA:0,System.Collections.Generic.List`1<CourseProject.Grade> CourseProject.GradeDefaults::get_GradeList()
DA:12,0
FN:12,System.Void CourseProject.GradeDefaults::.ctor()
FNDA:0,System.Void CourseProject.GradeDefaults::.ctor()
DA:13,0
DA:14,0
DA:15,0
DA:16,0
DA:17,0
DA:18,0
DA:19,0
DA:20,0
DA:21,0
LF:15
LH:0
BRF:0
BRH:0
FNF:7
FNH:0
end_of_record
SF:c:\Users\BudoB\OneDrive\Dokumenter Tekst\Programmering\CourseProject\CourseProjectCSharp\src\BusinessLogicLayer\scraping\Parsers\GradeParsing\GradeParser.cs
FN:6,System.String CourseProject.GradeParser::get_PageSource()
FNDA:0,System.String CourseProject.GradeParser::get_PageSource()
DA:7,0
FN:7,System.String CourseProject.GradeParser::get_ID()
FNDA:0,System.String CourseProject.GradeParser::get_ID()
DA:8,0
FN:8,System.String CourseProject.GradeParser::get_Name()
FNDA:0,System.String CourseProject.GradeParser::get_Name()
DA:9,0
FN:9,System.String CourseProject.GradeParser::get_ExamPeriod()
FNDA:0,System.String CourseProject.GradeParser::get_ExamPeriod()
DA:10,0
FN:10,System.Collections.Generic.List`1<System.String> CourseProject.GradeParser::get_OtherVersions()
FNDA:0,System.Collections.Generic.List`1<System.String> CourseProject.GradeParser::get_OtherVersions()
DA:11,0
FN:11,System.String CourseProject.GradeParser::get_LastUpdated()
FNDA:0,System.String CourseProject.GradeParser::get_LastUpdated()
DA:12,0
FN:12,System.Collections.Generic.List`1<CourseProject.Grade> CourseProject.GradeParser::get_GradeList()
FNDA:0,System.Collections.Generic.List`1<CourseProject.Grade> CourseProject.GradeParser::get_GradeList()
DA:13,0
FN:42,System.String CourseProject.GradeParser::ParseID()
FNDA:0,System.String CourseProject.GradeParser::ParseID()
DA:43,0
DA:44,0
DA:45,0
DA:46,0
DA:47,0
DA:48,0
DA:49,0
FN:51,System.String CourseProject.GradeParser::ParseName()
FNDA:0,System.String CourseProject.GradeParser::ParseName()
DA:52,0
DA:53,0
DA:54,0
DA:55,0
DA:56,0
DA:57,0
DA:58,0
FN:60,System.String CourseProject.GradeParser::ParseExamPeriod()
FNDA:0,System.String CourseProject.GradeParser::ParseExamPeriod()
DA:61,0
DA:62,0
DA:63,0
DA:64,0
DA:65,0
DA:67,0
DA:68,0
FN:70,System.Collections.Generic.List`1<System.String> CourseProject.GradeParser::ParseOtherVersions()
FNDA:0,System.Collections.Generic.List`1<System.String> CourseProject.GradeParser::ParseOtherVersions()
DA:71,0
DA:72,0
DA:73,0
DA:74,0
DA:75,0
DA:76,0
DA:77,0
FN:79,System.String CourseProject.GradeParser::ParseLastUpdated()
FNDA:0,System.String CourseProject.GradeParser::ParseLastUpdated()
DA:80,0
DA:81,0
DA:82,0
DA:83,0
DA:84,0
DA:85,0
DA:86,0
FN:88,System.Collections.Generic.List`1<CourseProject.Grade> CourseProject.GradeParser::ParseGradeList()
FNDA:0,System.Collections.Generic.List`1<CourseProject.Grade> CourseProject.GradeParser::ParseGradeList()
DA:89,0
DA:90,0
DA:91,0
DA:92,0
DA:93,0
DA:94,0
DA:95,0
DA:96,0
DA:97,0
DA:98,0
BRDA:91,79,1,0
BRDA:91,79,0,0
FN:100,System.Int32 CourseProject.GradeParser::ParseGrade(System.String)
FNDA:0,System.Int32 CourseProject.GradeParser::ParseGrade(System.String)
DA:101,0
DA:102,0
DA:103,0
DA:104,0
DA:105,0
DA:106,0
DA:107,0
DA:108,0
FN:14,System.Void CourseProject.GradeParser::.ctor(System.String)
FNDA:0,System.Void CourseProject.GradeParser::.ctor(System.String)
DA:15,0
DA:16,0
DA:17,0
DA:18,0
DA:19,0
DA:20,0
DA:21,0
DA:22,0
DA:23,0
DA:24,0
FN:25,System.Void CourseProject.GradeParser::.cctor()
FNDA:0,System.Void CourseProject.GradeParser::.cctor()
DA:26,0
DA:27,0
DA:28,0
DA:29,0
DA:30,0
DA:31,0
DA:32,0
DA:33,0
DA:34,0
DA:35,0
DA:36,0
DA:37,0
DA:38,0
DA:39,0
DA:40,0
LF:85
LH:0
BRF:2
BRH:0
FNF:16
FNH:0
end_of_record
SF:c:\Users\BudoB\OneDrive\Dokumenter Tekst\Programmering\CourseProject\CourseProjectCSharp\src\BusinessLogicLayer\scraping\Parsers\InfoParsing\InfoPageSetEmptyValues.cs
FN:6,System.String CourseProject.InfoDefaults::get_ID()
FNDA:0,System.String CourseProject.InfoDefaults::get_ID()
DA:7,0
FN:7,System.String CourseProject.InfoDefaults::get_Name()
FNDA:0,System.String CourseProject.InfoDefaults::get_Name()
DA:8,0
FN:8,System.String CourseProject.InfoDefaults::get_Year()
FNDA:0,System.String CourseProject.InfoDefaults::get_Year()
DA:9,0
FN:9,System.String CourseProject.InfoDefaults::get_Announcement()
FNDA:0,System.String CourseProject.InfoDefaults::get_Announcement()
DA:10,0
FN:10,System.String CourseProject.InfoDefaults::get_StudyLines()
FNDA:0,System.String CourseProject.InfoDefaults::get_StudyLines()
DA:11,0
FN:11,System.Collections.Generic.Dictionary`2<System.String,System.String> CourseProject.InfoDefaults::get_InfoTableContent()
FNDA:0,System.Collections.Generic.Dictionary`2<System.String,System.String> CourseProject.InfoDefaults::get_InfoTableContent()
DA:12,0
FN:12,System.String CourseProject.InfoDefaults::get_LastUpdated()
FNDA:0,System.String CourseProject.InfoDefaults::get_LastUpdated()
DA:13,0
FN:14,System.Void CourseProject.InfoDefaults::.ctor()
FNDA:0,System.Void CourseProject.InfoDefaults::.ctor()
DA:15,0
DA:16,0
DA:17,0
DA:18,0
DA:19,0
DA:20,0
DA:21,0
DA:22,0
DA:23,0
DA:24,0
LF:17
LH:0
BRF:0
BRH:0
FNF:8
FNH:0
end_of_record
SF:c:\Users\BudoB\OneDrive\Dokumenter Tekst\Programmering\CourseProject\CourseProjectCSharp\src\BusinessLogicLayer\scraping\Parsers\InfoParsing\InfoParser.cs
FN:6,System.String CourseProject.InfoParser::get_PageSource()
FNDA:0,System.String CourseProject.InfoParser::get_PageSource()
DA:7,0
FN:7,System.String CourseProject.InfoParser::get_ID()
FNDA:0,System.String CourseProject.InfoParser::get_ID()
DA:8,0
FN:8,System.String CourseProject.InfoParser::get_Name()
FNDA:0,System.String CourseProject.InfoParser::get_Name()
DA:9,0
FN:9,System.String CourseProject.InfoParser::get_Year()
FNDA:0,System.String CourseProject.InfoParser::get_Year()
DA:10,0
FN:10,System.String CourseProject.InfoParser::get_Announcement()
FNDA:0,System.String CourseProject.InfoParser::get_Announcement()
DA:11,0
FN:11,System.String CourseProject.InfoParser::get_StudyLines()
FNDA:0,System.String CourseProject.InfoParser::get_StudyLines()
DA:12,0
FN:12,System.Collections.Generic.Dictionary`2<System.String,System.String> CourseProject.InfoParser::get_InfoTableContent()
FNDA:0,System.Collections.Generic.Dictionary`2<System.String,System.String> CourseProject.InfoParser::get_InfoTableContent()
DA:13,0
FN:13,System.String CourseProject.InfoParser::get_LastUpdated()
FNDA:0,System.String CourseProject.InfoParser::get_LastUpdated()
DA:14,0
FN:67,System.Collections.Generic.Dictionary`2<System.String,System.String> CourseProject.InfoParser::ParseAllTableInfo()
FNDA:0,System.Collections.Generic.Dictionary`2<System.String,System.String> CourseProject.InfoParser::ParseAllTableInfo()
DA:68,0
DA:69,0
DA:70,0
DA:71,0
DA:72,0
DA:73,0
DA:74,0
DA:75,0
DA:76,0
DA:77,0
DA:78,0
DA:79,0
DA:80,0
DA:81,0
DA:82,0
DA:83,0
BRDA:70,65,1,0
BRDA:70,65,0,0
BRDA:76,147,1,0
BRDA:76,147,0,0
FN:85,System.String CourseProject.InfoParser::ParseInfofromMainTable(System.String)
FNDA:0,System.String CourseProject.InfoParser::ParseInfofromMainTable(System.String)
DA:86,0
DA:87,0
DA:88,0
DA:89,0
DA:90,0
DA:91,0
DA:92,0
DA:93,0
DA:94,0
DA:95,0
DA:98,0
DA:99,0
DA:100,0
DA:101,0
DA:102,0
DA:103,0
DA:104,0
DA:106,0
BRDA:93,74,0,0
BRDA:93,74,1,0
FN:108,System.String CourseProject.InfoParser::ParseInfofromSecondaryTable(System.String)
FNDA:0,System.String CourseProject.InfoParser::ParseInfofromSecondaryTable(System.String)
DA:109,0
DA:110,0
DA:111,0
DA:112,0
DA:113,0
DA:114,0
DA:115,0
DA:116,0
FN:118,System.String CourseProject.InfoParser::ParseLastUpdatedInfo()
FNDA:0,System.String CourseProject.InfoParser::ParseLastUpdatedInfo()
DA:119,0
DA:120,0
DA:121,0
DA:122,0
DA:123,0
DA:124,0
DA:125,0
DA:126,0
DA:127,0
FN:129,System.String CourseProject.InfoParser::ParseCourseIdInfo()
FNDA:0,System.String CourseProject.InfoParser::ParseCourseIdInfo()
DA:130,0
DA:131,0
DA:132,0
DA:133,0
DA:134,0
DA:135,0
DA:136,0
DA:137,0
FN:139,System.String CourseProject.InfoParser::ParseCourseNameInfo()
FNDA:0,System.String CourseProject.InfoParser::ParseCourseNameInfo()
DA:140,0
DA:141,0
DA:142,0
DA:143,0
DA:144,0
DA:145,0
DA:146,0
DA:147,0
FN:149,System.String CourseProject.InfoParser::ParseYearInfo()
FNDA:0,System.String CourseProject.InfoParser::ParseYearInfo()
DA:150,0
DA:151,0
DA:152,0
DA:153,0
DA:154,0
FN:156,System.String CourseProject.InfoParser::ParseAnnouncementInfo()
FNDA:0,System.String CourseProject.InfoParser::ParseAnnouncementInfo()
DA:157,0
DA:158,0
DA:159,0
DA:160,0
DA:161,0
DA:162,0
DA:163,0
DA:164,0
FN:166,System.String CourseProject.InfoParser::ParseStudyLinesInfo()
FNDA:0,System.String CourseProject.InfoParser::ParseStudyLinesInfo()
DA:167,0
DA:168,0
DA:169,0
DA:170,0
DA:171,0
DA:172,0
DA:173,0
DA:174,0
FN:15,System.Void CourseProject.InfoParser::.ctor(System.String)
FNDA:0,System.Void CourseProject.InfoParser::.ctor(System.String)
DA:16,0
DA:17,0
DA:18,0
DA:19,0
DA:20,0
DA:21,0
DA:22,0
DA:23,0
DA:24,0
DA:25,0
DA:26,0
FN:27,System.Void CourseProject.InfoParser::.cctor()
FNDA:0,System.Void CourseProject.InfoParser::.cctor()
DA:28,0
DA:29,0
DA:30,0
DA:31,0
DA:32,0
DA:33,0
DA:34,0
DA:35,0
DA:36,0
DA:37,0
DA:38,0
DA:39,0
DA:40,0
DA:41,0
DA:42,0
DA:43,0
DA:44,0
DA:45,0
DA:46,0
DA:47,0
DA:48,0
DA:49,0
DA:50,0
DA:51,0
DA:52,0
DA:53,0
DA:54,0
DA:55,0
DA:56,0
DA:58,0
DA:59,0
DA:60,0
DA:61,0
DA:62,0
DA:63,0
DA:64,0
DA:65,0
LF:144
LH:0
BRF:6
BRH:0
FNF:19
FNH:0
end_of_record
SF:c:\Users\BudoB\OneDrive\Dokumenter Tekst\Programmering\CourseProject\CourseProjectCSharp\src\BusinessLogicLayer\scraping\Parsers\ParserUtils.cs
FN:13,System.String CourseProject.ParserUtils::Get(System.String,System.String,System.Int32)
FNDA:43,System.String CourseProject.ParserUtils::Get(System.String,System.String,System.Int32)
DA:14,43
DA:15,43
DA:16,43
DA:17,43
DA:18,34
DA:19,34
DA:22,9
DA:23,9
DA:25,43
BRDA:17,26,0,34
BRDA:17,26,1,9
FN:27,System.Collections.Generic.Dictionary`2<System.String,System.String> CourseProject.ParserUtils::GetDict(System.String,System.String)
FNDA:0,System.Collections.Generic.Dictionary`2<System.String,System.String> CourseProject.ParserUtils::GetDict(System.String,System.String)
DA:28,0
DA:29,0
DA:30,0
DA:31,0
DA:33,0
DA:34,0
DA:35,0
DA:36,0
DA:37,0
DA:38,0
DA:39,0
DA:40,0
BRDA:33,106,1,0
BRDA:33,106,0,0
FN:42,System.Collections.Generic.List`1<System.String> CourseProject.ParserUtils::GetList(System.String,System.String,System.Int32)
FNDA:0,System.Collections.Generic.List`1<System.String> CourseProject.ParserUtils::GetList(System.String,System.String,System.Int32)
DA:43,0
DA:44,0
DA:45,0
DA:46,0
DA:47,0
DA:48,0
DA:49,0
DA:50,0
DA:51,0
DA:52,0
DA:53,0
DA:54,0
DA:55,0
BRDA:47,100,1,0
BRDA:49,59,0,0
BRDA:49,59,1,0
BRDA:47,100,0,0
BRDA:54,132,0,0
BRDA:54,132,1,0
FN:57,System.String CourseProject.ParserUtils::TrimHtmlAndGet(System.String,System.String,System.Int32)
FNDA:4,System.String CourseProject.ParserUtils::TrimHtmlAndGet(System.String,System.String,System.Int32)
DA:58,4
DA:59,4
DA:60,4
DA:61,4
DA:62,4
FN:64,System.String CourseProject.ParserUtils::EscapeSpecialCharacters(System.String)
FNDA:38,System.String CourseProject.ParserUtils::EscapeSpecialCharacters(System.String)
DA:65,38
DA:66,38
DA:67,38
DA:68,1236
DA:69,561
DA:70,561
DA:71,2
DA:72,2
DA:73,2
DA:74,561
DA:75,561
DA:76,38
DA:77,38
BRDA:68,79,1,561
BRDA:70,42,0,2
BRDA:70,42,1,561
BRDA:68,79,0,38
FN:79,System.String CourseProject.ParserUtils::RemoveEscapeCharacters(System.String)
FNDA:0,System.String CourseProject.ParserUtils::RemoveEscapeCharacters(System.String)
DA:80,0
DA:81,0
DA:82,0
FN:84,System.String CourseProject.ParserUtils::RemoveNewlines(System.String)
FNDA:4,System.String CourseProject.ParserUtils::RemoveNewlines(System.String)
DA:85,4
DA:86,4
DA:87,4
FN:89,System.String CourseProject.ParserUtils::RemoveMultiSpaces(System.String)
FNDA:4,System.String CourseProject.ParserUtils::RemoveMultiSpaces(System.String)
DA:90,4
DA:91,4
DA:92,4
FN:94,System.Int32 CourseProject.ParserUtils::ConvertToInt(System.String)
FNDA:0,System.Int32 CourseProject.ParserUtils::ConvertToInt(System.String)
DA:95,0
DA:97,0
DA:98,0
DA:100,0
DA:101,0
DA:102,0
DA:103,0
DA:105,0
FN:9,System.Void CourseProject.ParserUtils::.cctor()
FNDA:1,System.Void CourseProject.ParserUtils::.cctor()
DA:10,1
DA:11,1
LF:71
LH:35
BRF:14
BRH:6
FNF:10
FNH:6
end_of_record
SF:c:\Users\BudoB\OneDrive\Dokumenter Tekst\Programmering\CourseProject\CourseProjectCSharp\src\HtmlFetcher.cs
FN:9,System.String CourseProject.HtmlFetcher::Get()
FNDA:0,System.String CourseProject.HtmlFetcher::Get()
DA:10,0
DA:11,0
DA:12,0
FN:6,System.Void CourseProject.HtmlFetcher::.cctor()
FNDA:0,System.Void CourseProject.HtmlFetcher::.cctor()
DA:7,0
LF:4
LH:0
BRF:0
BRH:0
FNF:2
FNH:0
end_of_record
SF:c:\Users\BudoB\OneDrive\Dokumenter Tekst\Programmering\CourseProject\CourseProjectCSharp\src\HtmlInfoParser.cs
FN:8,System.Collections.Generic.Dictionary`2<System.String,System.String> CourseProject.HtmlInfoParser::ParseAllInfo(System.String)
FNDA:1,System.Collections.Generic.Dictionary`2<System.String,System.String> CourseProject.HtmlInfoParser::ParseAllInfo(System.String)
DA:9,1
DA:10,1
DA:11,79
DA:12,38
DA:13,38
DA:14,38
DA:15,38
DA:16,38
DA:17,1
DA:18,1
BRDA:11,82,1,38
BRDA:11,82,0,1
FN:20,System.String CourseProject.HtmlInfoParser::ParseDataPoint(System.String,CourseProject.InfoDataPoint)
FNDA:38,System.String CourseProject.HtmlInfoParser::ParseDataPoint(System.String,CourseProject.InfoDataPoint)
DA:21,38
DA:22,38
DA:23,38
DA:24,38
DA:25,38
DA:26,38
FN:28,System.String CourseProject.HtmlInfoParser::ParseInfofromMainTable(System.String,System.String)
FNDA:27,System.String CourseProject.HtmlInfoParser::ParseInfofromMainTable(System.String,System.String)
DA:29,27
DA:30,27
DA:31,27
DA:32,27
DA:33,27
DA:34,27
DA:35,27
DA:36,27
DA:37,22
DA:38,22
DA:41,5
DA:42,5
DA:43,5
DA:44,5
DA:45,5
DA:46,5
DA:47,5
DA:49,27
BRDA:36,69,0,22
BRDA:36,69,1,5
FN:51,System.String CourseProject.HtmlInfoParser::ParseInfofromSecondaryTable(System.String,System.String)
FNDA:5,System.String CourseProject.HtmlInfoParser::ParseInfofromSecondaryTable(System.String,System.String)
DA:52,5
DA:53,5
DA:54,5
DA:55,5
DA:56,5
DA:57,5
DA:58,5
DA:59,5
FN:61,System.String CourseProject.HtmlInfoParser::ParseLastUpdatedInfo(System.String,System.String)
FNDA:1,System.String CourseProject.HtmlInfoParser::ParseLastUpdatedInfo(System.String,System.String)
DA:62,1
DA:63,1
DA:64,1
DA:65,1
DA:66,1
DA:67,1
DA:68,1
DA:69,1
FN:71,System.String CourseProject.HtmlInfoParser::ParseCourseIdInfo(System.String,System.String)
FNDA:1,System.String CourseProject.HtmlInfoParser::ParseCourseIdInfo(System.String,System.String)
DA:72,1
DA:73,1
DA:74,1
DA:75,1
DA:76,1
DA:77,1
DA:78,1
DA:79,1
FN:81,System.String CourseProject.HtmlInfoParser::ParseCourseNameInfo(System.String,System.String)
FNDA:1,System.String CourseProject.HtmlInfoParser::ParseCourseNameInfo(System.String,System.String)
DA:82,1
DA:83,1
DA:84,1
DA:85,1
DA:86,1
DA:87,1
DA:88,1
DA:89,1
FN:91,System.String CourseProject.HtmlInfoParser::ParseYearInfo(System.String,System.String)
FNDA:1,System.String CourseProject.HtmlInfoParser::ParseYearInfo(System.String,System.String)
DA:92,1
DA:93,1
DA:94,1
DA:95,1
DA:96,1
FN:98,System.String CourseProject.HtmlInfoParser::ParseAnnouncementInfo(System.String,System.String)
FNDA:1,System.String CourseProject.HtmlInfoParser::ParseAnnouncementInfo(System.String,System.String)
DA:99,1
DA:100,1
DA:101,1
DA:102,1
DA:103,1
DA:104,1
DA:105,1
DA:106,1
FN:108,System.String CourseProject.HtmlInfoParser::ParseStudyLinesInfo(System.String,System.String)
FNDA:1,System.String CourseProject.HtmlInfoParser::ParseStudyLinesInfo(System.String,System.String)
DA:109,1
DA:110,1
DA:111,1
DA:112,1
DA:113,1
DA:114,1
DA:115,1
DA:116,1
FN:202,System.String CourseProject.HtmlInfoParser::HtmlTestInput()
FNDA:0,System.String CourseProject.HtmlInfoParser::HtmlTestInput()
DA:203,0
DA:204,0
DA:205,0
DA:206,0
DA:207,0
FN:117,System.Void CourseProject.HtmlInfoParser::.cctor()
FNDA:1,System.Void CourseProject.HtmlInfoParser::.cctor()
DA:118,1
DA:119,1
DA:120,1
DA:121,1
DA:122,1
DA:123,1
DA:124,1
DA:125,1
DA:126,1
DA:127,1
DA:128,1
DA:129,1
DA:130,1
DA:131,1
DA:132,1
DA:133,1
DA:134,1
DA:135,1
DA:136,1
DA:137,1
DA:138,1
DA:139,1
DA:140,1
DA:141,1
DA:142,1
DA:143,1
DA:144,1
DA:145,1
DA:146,1
DA:147,1
DA:148,1
DA:149,1
DA:150,1
DA:151,1
DA:152,1
DA:153,1
DA:154,1
DA:155,1
DA:156,1
DA:157,1
DA:158,1
DA:160,1
DA:161,1
DA:162,1
DA:163,1
DA:164,1
DA:165,1
DA:166,1
DA:167,1
DA:168,1
DA:169,1
DA:170,1
DA:171,1
DA:172,1
DA:173,1
DA:174,1
DA:175,1
DA:176,1
DA:177,1
DA:178,1
DA:179,1
DA:180,1
DA:181,1
DA:182,1
DA:183,1
DA:184,1
DA:185,1
DA:186,1
DA:187,1
DA:188,1
DA:189,1
DA:190,1
DA:191,1
DA:192,1
DA:193,1
DA:194,1
DA:195,1
DA:196,1
DA:197,1
DA:198,1
DA:199,1
DA:200,1
LF:174
LH:169
BRF:4
BRH:4
FNF:12
FNH:11
end_of_record
SF:c:\Users\BudoB\OneDrive\Dokumenter Tekst\Programmering\CourseProject\CourseProjectCSharp\src\InfoDataPoint.cs
FN:6,System.Void CourseProject.InfoDataPointNames::.cctor()
FNDA:1,System.Void CourseProject.InfoDataPointNames::.cctor()
DA:7,1
LF:1
LH:1
BRF:0
BRH:0
FNF:1
FNH:1
end_of_record
SF:c:\Users\BudoB\OneDrive\Dokumenter Tekst\Programmering\CourseProject\CourseProjectCSharp\src\InfoDataPointFactory.cs
FN:15,CourseProject.DataPoint`1<System.String> CourseProject.InfoDataPointFactory::CourseID()
FNDA:0,CourseProject.DataPoint`1<System.String> CourseProject.InfoDataPointFactory::CourseID()
DA:16,0
DA:17,0
DA:18,0
DA:19,0
DA:20,0
FN:22,CourseProject.DataPoint`1<System.String> CourseProject.InfoDataPointFactory::CourseName()
FNDA:0,CourseProject.DataPoint`1<System.String> CourseProject.InfoDataPointFactory::CourseName()
DA:23,0
DA:24,0
DA:25,0
DA:26,0
DA:27,0
FN:29,CourseProject.DataPoint`1<System.String> CourseProject.InfoDataPointFactory::Year()
FNDA:0,CourseProject.DataPoint`1<System.String> CourseProject.InfoDataPointFactory::Year()
DA:30,0
DA:31,0
DA:32,0
DA:33,0
DA:34,0
FN:36,CourseProject.DataPoint`1<System.String> CourseProject.InfoDataPointFactory::Announcement()
FNDA:0,CourseProject.DataPoint`1<System.String> CourseProject.InfoDataPointFactory::Announcement()
DA:37,0
DA:38,0
DA:39,0
DA:40,0
DA:41,0
FN:43,CourseProject.DataPoint`1<System.String> CourseProject.InfoDataPointFactory::StudyLines()
FNDA:0,CourseProject.DataPoint`1<System.String> CourseProject.InfoDataPointFactory::StudyLines()
DA:44,0
DA:45,0
DA:46,0
DA:47,0
DA:48,0
FN:50,CourseProject.DataPoint`1<System.String> CourseProject.InfoDataPointFactory::DanishTitle()
FNDA:0,CourseProject.DataPoint`1<System.String> CourseProject.InfoDataPointFactory::DanishTitle()
DA:51,0
DA:52,0
DA:53,0
DA:54,0
DA:55,0
DA:56,0
FN:58,CourseProject.DataPoint`1<System.String> CourseProject.InfoDataPointFactory::LanguageOfInstruction()
FNDA:0,CourseProject.DataPoint`1<System.String> CourseProject.InfoDataPointFactory::LanguageOfInstruction()
DA:59,0
DA:60,0
DA:61,0
DA:62,0
DA:63,0
DA:64,0
FN:66,CourseProject.DataPoint`1<System.String> CourseProject.InfoDataPointFactory::Ects()
FNDA:0,CourseProject.DataPoint`1<System.String> CourseProject.InfoDataPointFactory::Ects()
DA:67,0
DA:68,0
DA:69,0
DA:70,0
DA:71,0
DA:72,0
DA:73,0
FN:75,CourseProject.DataPoint`1<System.String> CourseProject.InfoDataPointFactory::CourseType()
FNDA:0,CourseProject.DataPoint`1<System.String> CourseProject.InfoDataPointFactory::CourseType()
DA:76,0
DA:77,0
DA:78,0
DA:79,0
DA:80,0
DA:81,0
FN:83,CourseProject.DataPoint`1<System.String> CourseProject.InfoDataPointFactory::Nan()
FNDA:0,CourseProject.DataPoint`1<System.String> CourseProject.InfoDataPointFactory::Nan()
DA:84,0
DA:85,0
DA:86,0
DA:87,0
DA:88,0
DA:89,0
FN:91,CourseProject.DataPoint`1<System.String> CourseProject.InfoDataPointFactory::Location()
FNDA:0,CourseProject.DataPoint`1<System.String> CourseProject.InfoDataPointFactory::Location()
DA:92,0
DA:93,0
DA:94,0
DA:95,0
DA:96,0
DA:97,0
FN:99,CourseProject.DataPoint`1<System.String> CourseProject.InfoDataPointFactory::ScopeAndForm()
FNDA:0,CourseProject.DataPoint`1<System.String> CourseProject.InfoDataPointFactory::ScopeAndForm()
DA:100,0
DA:101,0
DA:102,0
DA:103,0
DA:104,0
DA:105,0
FN:107,CourseProject.DataPoint`1<System.String> CourseProject.InfoDataPointFactory::DurationOfCourse()
FNDA:0,CourseProject.DataPoint`1<System.String> CourseProject.InfoDataPointFactory::DurationOfCourse()
DA:108,0
DA:109,0
DA:110,0
DA:111,0
DA:112,0
DA:113,0
FN:115,CourseProject.DataPoint`1<System.String> CourseProject.InfoDataPointFactory::DateOfExamination()
FNDA:0,CourseProject.DataPoint`1<System.String> CourseProject.InfoDataPointFactory::DateOfExamination()
DA:116,0
DA:117,0
DA:118,0
DA:119,0
DA:120,0
DA:121,0
FN:123,CourseProject.DataPoint`1<System.String> CourseProject.InfoDataPointFactory::TypeOfAssessment()
FNDA:0,CourseProject.DataPoint`1<System.String> CourseProject.InfoDataPointFactory::TypeOfAssessment()
DA:124,0
DA:125,0
DA:126,0
DA:127,0
DA:128,0
DA:129,0
FN:131,CourseProject.DataPoint`1<System.String> CourseProject.InfoDataPointFactory::ExamDuration()
FNDA:0,CourseProject.DataPoint`1<System.String> CourseProject.InfoDataPointFactory::ExamDuration()
DA:132,0
DA:133,0
DA:134,0
DA:135,0
DA:136,0
DA:137,0
FN:139,CourseProject.DataPoint`1<System.String> CourseProject.InfoDataPointFactory::Aid()
FNDA:0,CourseProject.DataPoint`1<System.String> CourseProject.InfoDataPointFactory::Aid()
DA:140,0
DA:141,0
DA:142,0
DA:143,0
DA:144,0
DA:145,0
FN:147,CourseProject.DataPoint`1<System.String> CourseProject.InfoDataPointFactory::Evaluation()
FNDA:0,CourseProject.DataPoint`1<System.String> CourseProject.InfoDataPointFactory::Evaluation()
DA:148,0
DA:149,0
DA:150,0
DA:151,0
DA:152,0
DA:153,0
FN:155,CourseProject.DataPoint`1<System.String> CourseProject.InfoDataPointFactory::Responsible()
FNDA:0,CourseProject.DataPoint`1<System.String> CourseProject.InfoDataPointFactory::Responsible()
DA:156,0
DA:157,0
DA:158,0
DA:159,0
DA:160,0
DA:161,0
FN:163,CourseProject.DataPoint`1<System.String> CourseProject.InfoDataPointFactory::CourseCoResponsible()
FNDA:0,CourseProject.DataPoint`1<System.String> CourseProject.InfoDataPointFactory::CourseCoResponsible()
DA:164,0
DA:165,0
DA:166,0
DA:167,0
DA:168,0
DA:169,0
FN:171,CourseProject.DataPoint`1<System.String> CourseProject.InfoDataPointFactory::Department()
FNDA:0,CourseProject.DataPoint`1<System.String> CourseProject.InfoDataPointFactory::Department()
DA:172,0
DA:173,0
DA:174,0
DA:175,0
DA:176,0
DA:177,0
FN:179,CourseProject.DataPoint`1<System.String> CourseProject.InfoDataPointFactory::HomePage()
FNDA:0,CourseProject.DataPoint`1<System.String> CourseProject.InfoDataPointFactory::HomePage()
DA:180,0
DA:181,0
DA:182,0
DA:183,0
DA:184,0
DA:185,0
FN:187,CourseProject.DataPoint`1<System.String> CourseProject.InfoDataPointFactory::RegistrationSignUp()
FNDA:0,CourseProject.DataPoint`1<System.String> CourseProject.InfoDataPointFactory::RegistrationSignUp()
DA:188,0
DA:189,0
DA:190,0
DA:191,0
DA:192,0
DA:193,0
FN:195,CourseProject.DataPoint`1<System.String> CourseProject.InfoDataPointFactory::GreenChallengeParticipation()
FNDA:0,CourseProject.DataPoint`1<System.String> CourseProject.InfoDataPointFactory::GreenChallengeParticipation()
DA:196,0
DA:197,0
DA:198,0
DA:199,0
DA:200,0
DA:201,0
FN:203,CourseProject.DataPoint`1<System.String> CourseProject.InfoDataPointFactory::Schedule()
FNDA:0,CourseProject.DataPoint`1<System.String> CourseProject.InfoDataPointFactory::Schedule()
DA:204,0
DA:205,0
DA:206,0
DA:207,0
DA:208,0
DA:209,0
FN:211,CourseProject.DataPoint`1<System.String> CourseProject.InfoDataPointFactory::NotApplicableTogetherWith()
FNDA:0,CourseProject.DataPoint`1<System.String> CourseProject.InfoDataPointFactory::NotApplicableTogetherWith()
DA:212,0
DA:213,0
DA:214,0
DA:215,0
DA:216,0
DA:217,0
FN:219,CourseProject.DataPoint`1<System.String> CourseProject.InfoDataPointFactory::RecommendedPrerequisites()
FNDA:0,CourseProject.DataPoint`1<System.String> CourseProject.InfoDataPointFactory::RecommendedPrerequisites()
DA:220,0
DA:221,0
DA:222,0
DA:223,0
DA:224,0
DA:225,0
FN:227,CourseProject.DataPoint`1<System.String> CourseProject.InfoDataPointFactory::PreviousCourse()
FNDA:0,CourseProject.DataPoint`1<System.String> CourseProject.InfoDataPointFactory::PreviousCourse()
DA:228,0
DA:229,0
DA:230,0
DA:231,0
DA:232,0
DA:233,0
FN:235,CourseProject.DataPoint`1<System.String> CourseProject.InfoDataPointFactory::ParticipantsRestrictions()
FNDA:0,CourseProject.DataPoint`1<System.String> CourseProject.InfoDataPointFactory::ParticipantsRestrictions()
DA:236,0
DA:237,0
DA:238,0
DA:239,0
DA:240,0
DA:241,0
FN:243,CourseProject.DataPoint`1<System.String> CourseProject.InfoDataPointFactory::MandatoryPrerequisites()
FNDA:0,CourseProject.DataPoint`1<System.String> CourseProject.InfoDataPointFactory::MandatoryPrerequisites()
DA:244,0
DA:245,0
DA:246,0
DA:247,0
DA:248,0
DA:249,0
FN:251,CourseProject.DataPoint`1<System.String> CourseProject.InfoDataPointFactory::DepartmentInvolved()
FNDA:0,CourseProject.DataPoint`1<System.String> CourseProject.InfoDataPointFactory::DepartmentInvolved()
DA:252,0
DA:253,0
DA:254,0
DA:255,0
DA:256,0
DA:257,0
FN:259,CourseProject.DataPoint`1<System.String> CourseProject.InfoDataPointFactory::ExternalInstitution()
FNDA:0,CourseProject.DataPoint`1<System.String> CourseProject.InfoDataPointFactory::ExternalInstitution()
DA:260,0
DA:261,0
DA:262,0
DA:263,0
DA:264,0
DA:265,0
FN:267,CourseProject.DataPoint`1<System.String> CourseProject.InfoDataPointFactory::GeneralCourseObjectives()
FNDA:0,CourseProject.DataPoint`1<System.String> CourseProject.InfoDataPointFactory::GeneralCourseObjectives()
DA:268,0
DA:269,0
DA:270,0
DA:271,0
DA:272,0
DA:273,0
FN:275,CourseProject.DataPoint`1<System.String> CourseProject.InfoDataPointFactory::LearningObjectives()
FNDA:0,CourseProject.DataPoint`1<System.String> CourseProject.InfoDataPointFactory::LearningObjectives()
DA:276,0
DA:277,0
DA:278,0
DA:279,0
DA:280,0
DA:281,0
FN:283,CourseProject.DataPoint`1<System.String> CourseProject.InfoDataPointFactory::Content()
FNDA:0,CourseProject.DataPoint`1<System.String> CourseProject.InfoDataPointFactory::Content()
DA:284,0
DA:285,0
DA:286,0
DA:287,0
DA:288,0
DA:289,0
FN:291,CourseProject.DataPoint`1<System.String> CourseProject.InfoDataPointFactory::CourseLiterature()
FNDA:0,CourseProject.DataPoint`1<System.String> CourseProject.InfoDataPointFactory::CourseLiterature()
DA:292,0
DA:293,0
DA:294,0
DA:295,0
DA:296,0
DA:297,0
FN:299,CourseProject.DataPoint`1<System.String> CourseProject.InfoDataPointFactory::Remarks()
FNDA:0,CourseProject.DataPoint`1<System.String> CourseProject.InfoDataPointFactory::Remarks()
DA:300,0
DA:301,0
DA:302,0
DA:303,0
DA:304,0
DA:305,0
FN:307,CourseProject.DataPoint`1<System.String> CourseProject.InfoDataPointFactory::LastUpdated()
FNDA:0,CourseProject.DataPoint`1<System.String> CourseProject.InfoDataPointFactory::LastUpdated()
DA:308,0
DA:309,0
DA:310,0
DA:311,0
DA:312,0
DA:313,0
FN:316,System.String CourseProject.InfoDataPointFactory::ParseCourseIdInfo()
FNDA:0,System.String CourseProject.InfoDataPointFactory::ParseCourseIdInfo()
DA:317,0
DA:318,0
DA:319,0
DA:320,0
DA:321,0
DA:322,0
DA:323,0
DA:324,0
FN:326,System.String CourseProject.InfoDataPointFactory::ParseCourseNameInfo()
FNDA:0,System.String CourseProject.InfoDataPointFactory::ParseCourseNameInfo()
DA:327,0
DA:328,0
DA:329,0
DA:330,0
DA:331,0
DA:332,0
DA:333,0
DA:334,0
FN:336,System.String CourseProject.InfoDataPointFactory::ParseYearInfo()
FNDA:0,System.String CourseProject.InfoDataPointFactory::ParseYearInfo()
DA:337,0
DA:338,0
DA:339,0
DA:340,0
DA:341,0
FN:343,System.String CourseProject.InfoDataPointFactory::ParseAnnouncementInfo()
FNDA:0,System.String CourseProject.InfoDataPointFactory::ParseAnnouncementInfo()
DA:344,0
DA:345,0
DA:346,0
DA:347,0
DA:348,0
DA:349,0
DA:350,0
DA:351,0
FN:353,System.String CourseProject.InfoDataPointFactory::ParseStudyLinesInfo()
FNDA:0,System.String CourseProject.InfoDataPointFactory::ParseStudyLinesInfo()
DA:354,0
DA:355,0
DA:356,0
DA:357,0
DA:358,0
DA:359,0
DA:360,0
DA:361,0
FN:363,System.String CourseProject.InfoDataPointFactory::ParseInfofromMainTable(System.String)
FNDA:0,System.String CourseProject.InfoDataPointFactory::ParseInfofromMainTable(System.String)
DA:364,0
DA:365,0
DA:366,0
DA:367,0
DA:368,0
DA:369,0
DA:370,0
DA:371,0
DA:372,0
DA:373,0
DA:376,0
DA:377,0
DA:378,0
DA:379,0
DA:380,0
DA:381,0
DA:382,0
DA:384,0
BRDA:371,74,0,0
BRDA:371,74,1,0
FN:386,System.String CourseProject.InfoDataPointFactory::ParseInfofromSecondaryTable(System.String)
FNDA:0,System.String CourseProject.InfoDataPointFactory::ParseInfofromSecondaryTable(System.String)
DA:387,0
DA:388,0
DA:389,0
DA:390,0
DA:391,0
DA:392,0
DA:393,0
DA:394,0
FN:396,System.String CourseProject.InfoDataPointFactory::ParseLastUpdatedInfo(System.String)
FNDA:0,System.String CourseProject.InfoDataPointFactory::ParseLastUpdatedInfo(System.String)
DA:397,0
DA:398,0
DA:399,0
DA:400,0
DA:401,0
DA:402,0
DA:403,0
DA:404,0
FN:9,System.Void CourseProject.InfoDataPointFactory::.ctor(System.String)
FNDA:0,System.Void CourseProject.InfoDataPointFactory::.ctor(System.String)
DA:10,0
DA:11,0
DA:12,0
DA:13,0
LF:299
LH:0
BRF:2
BRH:0
FNF:47
FNH:0
end_of_record
SF:c:\Users\BudoB\OneDrive\Dokumenter Tekst\Programmering\CourseProject\CourseProjectCSharp\src\legacy\ContainerType.cs
FN:6,CourseProject.LegacyDomain CourseProject.ContainerType::get_Domain()
FNDA:0,CourseProject.LegacyDomain CourseProject.ContainerType::get_Domain()
DA:7,0
FN:9,System.Void CourseProject.ContainerType::.ctor(CourseProject.LegacyDomain)
FNDA:0,System.Void CourseProject.ContainerType::.ctor(CourseProject.LegacyDomain)
DA:10,0
DA:11,0
DA:12,0
DA:13,0
FN:21,System.String CourseProject.School::get_ClassName()
FNDA:0,System.String CourseProject.School::get_ClassName()
DA:22,0
FN:23,System.Collections.Generic.List`1<System.Type> CourseProject.School::get_PrimaryChildTypes()
FNDA:0,System.Collections.Generic.List`1<System.Type> CourseProject.School::get_PrimaryChildTypes()
DA:24,0
FN:17,System.Void CourseProject.School::.ctor(CourseProject.LegacyDomain)
FNDA:0,System.Void CourseProject.School::.ctor(CourseProject.LegacyDomain)
DA:18,0
DA:19,0
DA:20,0
FN:32,System.String CourseProject.Year::get_ClassName()
FNDA:0,System.String CourseProject.Year::get_ClassName()
DA:33,0
FN:34,System.Collections.Generic.List`1<System.Type> CourseProject.Year::get_PrimaryChildTypes()
FNDA:0,System.Collections.Generic.List`1<System.Type> CourseProject.Year::get_PrimaryChildTypes()
DA:35,0
FN:28,System.Void CourseProject.Year::.ctor(CourseProject.LegacyDomain)
FNDA:0,System.Void CourseProject.Year::.ctor(CourseProject.LegacyDomain)
DA:29,0
DA:30,0
DA:31,0
FN:43,System.String CourseProject.StudyLine::get_ClassName()
FNDA:0,System.String CourseProject.StudyLine::get_ClassName()
DA:44,0
FN:45,System.Collections.Generic.List`1<System.Type> CourseProject.StudyLine::get_PrimaryChildTypes()
FNDA:0,System.Collections.Generic.List`1<System.Type> CourseProject.StudyLine::get_PrimaryChildTypes()
DA:46,0
FN:39,System.Void CourseProject.StudyLine::.ctor(CourseProject.LegacyDomain)
FNDA:0,System.Void CourseProject.StudyLine::.ctor(CourseProject.LegacyDomain)
DA:40,0
DA:41,0
DA:42,0
LF:20
LH:0
BRF:0
BRH:0
FNF:11
FNH:0
end_of_record
SF:c:\Users\BudoB\OneDrive\Dokumenter Tekst\Programmering\CourseProject\CourseProjectCSharp\src\legacy\CourseGrades.cs
FN:6,System.String CourseProject.CourseGrades::get_Name()
FNDA:0,System.String CourseProject.CourseGrades::get_Name()
DA:7,0
FN:7,System.Nullable`1<System.Int32> CourseProject.CourseGrades::get_NumericalWeight()
FNDA:0,System.Nullable`1<System.Int32> CourseProject.CourseGrades::get_NumericalWeight()
DA:8,0
FN:8,System.Boolean CourseProject.CourseGrades::get_PassesExam()
FNDA:0,System.Boolean CourseProject.CourseGrades::get_PassesExam()
DA:9,0
FN:9,System.Boolean CourseProject.CourseGrades::get_AttendedExam()
FNDA:0,System.Boolean CourseProject.CourseGrades::get_AttendedExam()
DA:10,0
FN:10,System.Int32 CourseProject.CourseGrades::get_Quantity()
FNDA:0,System.Int32 CourseProject.CourseGrades::get_Quantity()
DA:11,0
FN:12,System.Void CourseProject.CourseGrades::.ctor(System.String,System.Nullable`1<System.Int32>,System.Boolean,System.Int32)
FNDA:0,System.Void CourseProject.CourseGrades::.ctor(System.String,System.Nullable`1<System.Int32>,System.Boolean,System.Int32)
DA:13,0
DA:14,0
DA:15,0
DA:16,0
DA:17,0
DA:18,0
DA:19,0
DA:20,0
LF:13
LH:0
BRF:0
BRH:0
FNF:6
FNH:0
end_of_record
SF:c:\Users\BudoB\OneDrive\Dokumenter Tekst\Programmering\CourseProject\CourseProjectCSharp\src\legacy\DataContainer.cs
FN:6,System.String CourseProject.DataContainer::get_Name()
FNDA:0,System.String CourseProject.DataContainer::get_Name()
DA:7,0
FN:7,System.String CourseProject.DataContainer::get_UniqueID()
FNDA:0,System.String CourseProject.DataContainer::get_UniqueID()
DA:8,0
FN:8,System.String CourseProject.DataContainer::get_ContainerType()
FNDA:0,System.String CourseProject.DataContainer::get_ContainerType()
DA:9,0
FN:9,System.Collections.Generic.List`1<CourseProject.DataContainer> CourseProject.DataContainer::get_Children()
FNDA:0,System.Collections.Generic.List`1<CourseProject.DataContainer> CourseProject.DataContainer::get_Children()
DA:10,0
FN:10,System.Collections.Generic.Dictionary`2<System.String,System.String> CourseProject.DataContainer::get_Data()
FNDA:0,System.Collections.Generic.Dictionary`2<System.String,System.String> CourseProject.DataContainer::get_Data()
DA:11,0
FN:22,System.Void CourseProject.DataContainer::AddChild(CourseProject.DataContainer)
FNDA:0,System.Void CourseProject.DataContainer::AddChild(CourseProject.DataContainer)
DA:23,0
DA:24,0
DA:25,0
DA:26,0
DA:28,0
DA:29,0
BRDA:24,39,0,0
BRDA:24,39,1,0
FN:31,System.Void CourseProject.DataContainer::AddData(System.String,System.String)
FNDA:0,System.Void CourseProject.DataContainer::AddData(System.String,System.String)
DA:32,0
DA:33,0
DA:34,0
FN:12,System.Void CourseProject.DataContainer::.ctor(System.String,System.String,System.String)
FNDA:0,System.Void CourseProject.DataContainer::.ctor(System.String,System.String,System.String)
DA:13,0
DA:14,0
DA:15,0
DA:16,0
DA:17,0
DA:18,0
DA:19,0
DA:20,0
LF:22
LH:0
BRF:2
BRH:0
FNF:8
FNH:0
end_of_record
SF:c:\Users\BudoB\OneDrive\Dokumenter Tekst\Programmering\CourseProject\CourseProjectCSharp\src\legacy\DataContainerRegistry.cs
FN:6,System.Collections.Generic.Dictionary`2<System.String,CourseProject.DataContainer> CourseProject.DataContainerRegistry::get_Registry()
FNDA:0,System.Collections.Generic.Dictionary`2<System.String,CourseProject.DataContainer> CourseProject.DataContainerRegistry::get_Registry()
DA:7,0
FN:14,System.Void CourseProject.DataContainerRegistry::FillRegistry()
FNDA:0,System.Void CourseProject.DataContainerRegistry::FillRegistry()
DA:15,0
DA:17,0
FN:8,System.Void CourseProject.DataContainerRegistry::.ctor()
FNDA:0,System.Void CourseProject.DataContainerRegistry::.ctor()
DA:9,0
DA:10,0
DA:11,0
DA:12,0
LF:7
LH:0
BRF:0
BRH:0
FNF:3
FNH:0
end_of_record
SF:c:\Users\BudoB\OneDrive\Dokumenter Tekst\Programmering\CourseProject\CourseProjectCSharp\src\legacy\DataPoint.cs
FN:14,System.String CourseProject.DataPoint`1::get_Name()
FNDA:0,System.String CourseProject.DataPoint`1::get_Name()
DA:15,0
FN:15,T CourseProject.DataPoint`1::get_Value()
FNDA:0,T CourseProject.DataPoint`1::get_Value()
DA:16,0
FN:24,T CourseProject.DataPoint`1::CastToTypeT(System.String)
FNDA:0,T CourseProject.DataPoint`1::CastToTypeT(System.String)
DA:25,0
DA:28,0
DA:29,0
DA:30,0
DA:31,0
DA:32,0
DA:34,0
DA:35,0
DA:36,0
DA:37,0
DA:40,0
DA:41,0
DA:44,0
DA:45,0
DA:46,0
DA:47,0
DA:48,0
DA:49,0
DA:50,0
DA:51,0
DA:52,0
DA:53,0
DA:54,0
DA:55,0
DA:56,0
DA:57,0
DA:58,0
BRDA:29,29,0,0
BRDA:32,42,0,0
BRDA:32,42,1,0
BRDA:29,29,1,0
BRDA:34,90,0,0
BRDA:37,105,0,0
BRDA:37,105,1,0
BRDA:34,90,1,0
FN:17,System.Void CourseProject.DataPoint`1::.ctor(System.String,System.String)
FNDA:0,System.Void CourseProject.DataPoint`1::.ctor(System.String,System.String)
DA:18,0
DA:19,0
DA:20,0
DA:21,0
DA:22,0
LF:34
LH:0
BRF:8
BRH:0
FNF:4
FNH:0
end_of_record
SF:c:\Users\BudoB\OneDrive\Dokumenter Tekst\Programmering\CourseProject\CourseProjectCSharp\src\legacy\DataSet.cs
FN:15,System.String CourseProject.DataSet::get_Html()
FNDA:0,System.String CourseProject.DataSet::get_Html()
DA:16,0
FN:16,System.Collections.Generic.Dictionary`2<System.String,System.String> CourseProject.DataSet::get_JsonDict()
FNDA:0,System.Collections.Generic.Dictionary`2<System.String,System.String> CourseProject.DataSet::get_JsonDict()
DA:17,0
FN:24,System.String CourseProject.DataSet::Parse()
FNDA:0,System.String CourseProject.DataSet::Parse()
DA:25,0
DA:26,0
DA:27,0
DA:28,0
FN:17,System.Void CourseProject.DataSet::.ctor()
FNDA:0,System.Void CourseProject.DataSet::.ctor()
DA:18,0
DA:19,0
DA:20,0
DA:21,0
DA:22,0
FN:14,System.Void CourseProject.DataSet::.cctor()
FNDA:0,System.Void CourseProject.DataSet::.cctor()
DA:15,0
LF:12
LH:0
BRF:0
BRH:0
FNF:5
FNH:0
end_of_record
SF:c:\Users\BudoB\OneDrive\Dokumenter Tekst\Programmering\CourseProject\CourseProjectCSharp\src\legacy\Domain.cs
FN:6,System.String CourseProject.LegacyDomain::get_Name()
FNDA:0,System.String CourseProject.LegacyDomain::get_Name()
DA:7,0
FN:14,System.String CourseProject.LegacyDomain::CreateUniqueID()
FNDA:0,System.String CourseProject.LegacyDomain::CreateUniqueID()
DA:15,0
DA:16,0
DA:17,0
DA:18,0
FN:8,System.Void CourseProject.LegacyDomain::.ctor(System.String)
FNDA:0,System.Void CourseProject.LegacyDomain::.ctor(System.String)
DA:9,0
DA:10,0
DA:11,0
DA:12,0
LF:9
LH:0
BRF:0
BRH:0
FNF:3
FNH:0
end_of_record
SF:c:\Users\BudoB\OneDrive\Dokumenter Tekst\Programmering\CourseProject\CourseProjectCSharp\src\legacy\EvalDataPoint.cs
FN:29,System.String CourseProject.EvalDataPointExtensions::GetName(CourseProject.EvalDataPoint)
FNDA:0,System.String CourseProject.EvalDataPointExtensions::GetName(CourseProject.EvalDataPoint)
DA:30,0
DA:31,0
DA:32,0
DA:33,0
DA:34,0
DA:35,0
DA:36,0
DA:37,0
DA:38,0
DA:39,0
DA:40,0
DA:41,0
DA:42,0
DA:43,0
DA:44,0
DA:45,0
DA:46,0
DA:47,0
BRDA:31,6,1,0
BRDA:31,6,2,0
BRDA:31,6,3,0
BRDA:31,6,4,0
BRDA:31,6,5,0
BRDA:31,6,6,0
BRDA:31,6,7,0
BRDA:31,6,8,0
BRDA:31,6,9,0
BRDA:31,6,10,0
BRDA:31,6,11,0
BRDA:31,6,12,0
BRDA:31,6,0,0
FN:49,System.Func`3<System.String,System.String,System.String> CourseProject.EvalDataPointExtensions::GetParserMethod(CourseProject.EvalDataPoint)
FNDA:0,System.Func`3<System.String,System.String,System.String> CourseProject.EvalDataPointExtensions::GetParserMethod(CourseProject.EvalDataPoint)
DA:50,0
DA:51,0
DA:52,0
DA:53,0
DA:54,0
DA:55,0
DA:56,0
DA:57,0
DA:58,0
DA:59,0
DA:60,0
DA:61,0
DA:62,0
DA:63,0
DA:64,0
DA:65,0
DA:66,0
DA:67,0
BRDA:51,6,1,0
BRDA:53,70,0,0
BRDA:53,70,1,0
BRDA:51,6,2,0
BRDA:54,103,0,0
BRDA:54,103,1,0
BRDA:51,6,3,0
BRDA:55,136,0,0
BRDA:55,136,1,0
BRDA:51,6,4,0
BRDA:56,169,0,0
BRDA:56,169,1,0
BRDA:51,6,5,0
BRDA:57,202,0,0
BRDA:57,202,1,0
BRDA:51,6,6,0
BRDA:58,235,0,0
BRDA:58,235,1,0
BRDA:51,6,7,0
BRDA:59,268,0,0
BRDA:59,268,1,0
BRDA:51,6,8,0
BRDA:60,301,0,0
BRDA:60,301,1,0
BRDA:51,6,9,0
BRDA:61,334,0,0
BRDA:61,334,1,0
BRDA:51,6,10,0
BRDA:62,364,0,0
BRDA:62,364,1,0
BRDA:51,6,11,0
BRDA:63,394,0,0
BRDA:63,394,1,0
BRDA:51,6,12,0
BRDA:64,424,0,0
BRDA:64,424,1,0
BRDA:51,6,0,0
FN:69,System.String CourseProject.EvalDataPointExtensions::ParseCourseID(System.String,System.String)
FNDA:0,System.String CourseProject.EvalDataPointExtensions::ParseCourseID(System.String,System.String)
DA:70,0
FN:70,System.String CourseProject.EvalDataPointExtensions::ParseCourseName(System.String,System.String)
FNDA:0,System.String CourseProject.EvalDataPointExtensions::ParseCourseName(System.String,System.String)
DA:71,0
FN:71,System.String CourseProject.EvalDataPointExtensions::ParseTerm(System.String,System.String)
FNDA:0,System.String CourseProject.EvalDataPointExtensions::ParseTerm(System.String,System.String)
DA:72,0
FN:72,System.String CourseProject.EvalDataPointExtensions::ParseCouldRespond(System.String,System.String)
FNDA:0,System.String CourseProject.EvalDataPointExtensions::ParseCouldRespond(System.String,System.String)
DA:73,0
FN:73,System.String CourseProject.EvalDataPointExtensions::ParseDidRespond(System.String,System.String)
FNDA:0,System.String CourseProject.EvalDataPointExtensions::ParseDidRespond(System.String,System.String)
DA:74,0
FN:74,System.String CourseProject.EvalDataPointExtensions::ParseShouldNotRespond(System.String,System.String)
FNDA:0,System.String CourseProject.EvalDataPointExtensions::ParseShouldNotRespond(System.String,System.String)
DA:75,0
FN:75,System.String CourseProject.EvalDataPointExtensions::ParseQuestion(System.String,System.String)
FNDA:0,System.String CourseProject.EvalDataPointExtensions::ParseQuestion(System.String,System.String)
DA:76,0
LF:43
LH:0
BRF:50
BRH:0
FNF:9
FNH:0
end_of_record
SF:c:\Users\BudoB\OneDrive\Dokumenter Tekst\Programmering\CourseProject\CourseProjectCSharp\src\legacy\EvalDataPointFactory.cs
FN:16,CourseProject.DataPoint`1<System.String> CourseProject.EvalDataPointFactory::CourseID()
FNDA:0,CourseProject.DataPoint`1<System.String> CourseProject.EvalDataPointFactory::CourseID()
DA:17,0
DA:18,0
DA:19,0
DA:20,0
DA:21,0
FN:23,CourseProject.DataPoint`1<System.String> CourseProject.EvalDataPointFactory::CourseName()
FNDA:0,CourseProject.DataPoint`1<System.String> CourseProject.EvalDataPointFactory::CourseName()
DA:24,0
DA:25,0
DA:26,0
DA:27,0
DA:28,0
FN:30,CourseProject.DataPoint`1<System.String> CourseProject.EvalDataPointFactory::Term()
FNDA:0,CourseProject.DataPoint`1<System.String> CourseProject.EvalDataPointFactory::Term()
DA:31,0
DA:32,0
DA:33,0
DA:34,0
DA:35,0
FN:37,CourseProject.DataPoint`1<System.String> CourseProject.EvalDataPointFactory::CouldAnswer()
FNDA:0,CourseProject.DataPoint`1<System.String> CourseProject.EvalDataPointFactory::CouldAnswer()
DA:38,0
DA:39,0
DA:40,0
DA:41,0
DA:42,0
FN:44,CourseProject.DataPoint`1<System.String> CourseProject.EvalDataPointFactory::DidAnswer()
FNDA:0,CourseProject.DataPoint`1<System.String> CourseProject.EvalDataPointFactory::DidAnswer()
DA:45,0
DA:46,0
DA:47,0
DA:48,0
DA:49,0
FN:51,CourseProject.DataPoint`1<System.String> CourseProject.EvalDataPointFactory::ShouldNotAnswer()
FNDA:0,CourseProject.DataPoint`1<System.String> CourseProject.EvalDataPointFactory::ShouldNotAnswer()
DA:52,0
DA:53,0
DA:54,0
DA:55,0
DA:56,0
FN:58,CourseProject.DataPoint`1<System.String> CourseProject.EvalDataPointFactory::Q11()
FNDA:0,CourseProject.DataPoint`1<System.String> CourseProject.EvalDataPointFactory::Q11()
DA:59,0
DA:60,0
DA:61,0
DA:62,0
FN:64,CourseProject.DataPoint`1<System.String> CourseProject.EvalDataPointFactory::Q12()
FNDA:0,CourseProject.DataPoint`1<System.String> CourseProject.EvalDataPointFactory::Q12()
DA:65,0
DA:66,0
DA:67,0
DA:68,0
FN:70,CourseProject.DataPoint`1<System.String> CourseProject.EvalDataPointFactory::Q13()
FNDA:0,CourseProject.DataPoint`1<System.String> CourseProject.EvalDataPointFactory::Q13()
DA:71,0
DA:72,0
DA:73,0
DA:74,0
FN:76,CourseProject.DataPoint`1<System.String> CourseProject.EvalDataPointFactory::Q14()
FNDA:0,CourseProject.DataPoint`1<System.String> CourseProject.EvalDataPointFactory::Q14()
DA:77,0
DA:78,0
DA:79,0
DA:80,0
FN:82,CourseProject.DataPoint`1<System.String> CourseProject.EvalDataPointFactory::Q15()
FNDA:0,CourseProject.DataPoint`1<System.String> CourseProject.EvalDataPointFactory::Q15()
DA:83,0
DA:84,0
DA:85,0
DA:86,0
FN:88,CourseProject.DataPoint`1<System.String> CourseProject.EvalDataPointFactory::Q21()
FNDA:0,CourseProject.DataPoint`1<System.String> CourseProject.EvalDataPointFactory::Q21()
DA:89,0
DA:90,0
DA:91,0
DA:92,0
FN:94,CourseProject.DataPoint`1<System.String> CourseProject.EvalDataPointFactory::QXX(System.String)
FNDA:0,CourseProject.DataPoint`1<System.String> CourseProject.EvalDataPointFactory::QXX(System.String)
DA:95,0
DA:96,0
DA:97,0
DA:98,0
DA:99,0
FN:101,System.String CourseProject.EvalDataPointFactory::ParseCourseID()
FNDA:0,System.String CourseProject.EvalDataPointFactory::ParseCourseID()
DA:102,0
DA:103,0
DA:104,0
DA:105,0
DA:106,0
DA:108,0
DA:109,0
FN:111,System.String CourseProject.EvalDataPointFactory::ParseCourseName()
FNDA:0,System.String CourseProject.EvalDataPointFactory::ParseCourseName()
DA:112,0
DA:113,0
DA:114,0
DA:115,0
DA:116,0
DA:118,0
DA:119,0
FN:121,System.String CourseProject.EvalDataPointFactory::ParseTerm()
FNDA:0,System.String CourseProject.EvalDataPointFactory::ParseTerm()
DA:122,0
DA:123,0
DA:124,0
DA:125,0
DA:126,0
DA:128,0
DA:129,0
FN:131,System.String CourseProject.EvalDataPointFactory::ParseCouldRespond()
FNDA:0,System.String CourseProject.EvalDataPointFactory::ParseCouldRespond()
DA:132,0
DA:133,0
DA:134,0
DA:135,0
DA:136,0
DA:137,0
DA:138,0
FN:140,System.String CourseProject.EvalDataPointFactory::ParseDidRespond()
FNDA:0,System.String CourseProject.EvalDataPointFactory::ParseDidRespond()
DA:141,0
DA:142,0
DA:143,0
DA:144,0
DA:145,0
DA:146,0
DA:147,0
FN:149,System.String CourseProject.EvalDataPointFactory::ParseShouldNotRespond()
FNDA:0,System.String CourseProject.EvalDataPointFactory::ParseShouldNotRespond()
DA:150,0
DA:151,0
DA:152,0
DA:153,0
DA:154,0
DA:155,0
DA:156,0
FN:158,System.String CourseProject.EvalDataPointFactory::ParseQuestion(System.String)
FNDA:0,System.String CourseProject.EvalDataPointFactory::ParseQuestion(System.String)
DA:159,0
DA:160,0
DA:162,0
DA:163,0
DA:165,0
DA:166,0
DA:168,0
DA:169,0
FN:171,System.String CourseProject.EvalDataPointFactory::IsolateQuestionSection(System.String,System.String)
FNDA:0,System.String CourseProject.EvalDataPointFactory::IsolateQuestionSection(System.String,System.String)
DA:172,0
DA:173,0
DA:174,0
DA:175,0
DA:176,0
DA:177,0
DA:178,0
FN:180,System.Void CourseProject.EvalDataPointFactory::AddQuestionTextToDict(System.Collections.Generic.Dictionary`2<System.String,System.String>,System.String)
FNDA:0,System.Void CourseProject.EvalDataPointFactory::AddQuestionTextToDict(System.Collections.Generic.Dictionary`2<System.String,System.String>,System.String)
DA:181,0
DA:182,0
DA:183,0
DA:184,0
DA:185,0
DA:186,0
DA:187,0
DA:188,0
DA:189,0
DA:190,0
FN:192,System.Void CourseProject.EvalDataPointFactory::AddOptionsToDict(System.Collections.Generic.Dictionary`2<System.String,System.String>,System.String)
FNDA:0,System.Void CourseProject.EvalDataPointFactory::AddOptionsToDict(System.Collections.Generic.Dictionary`2<System.String,System.String>,System.String)
DA:193,0
DA:194,0
DA:195,0
DA:196,0
DA:197,0
DA:198,0
DA:200,0
DA:201,0
DA:202,0
DA:203,0
DA:204,0
DA:205,0
DA:207,0
DA:208,0
DA:209,0
DA:210,0
DA:211,0
BRDA:200,137,1,0
BRDA:202,79,0,0
BRDA:202,79,1,0
BRDA:200,137,0,0
FN:213,System.Void CourseProject.EvalDataPointFactory::AddTotalResponsesToDict(System.Collections.Generic.Dictionary`2<System.String,System.String>,System.String)
FNDA:0,System.Void CourseProject.EvalDataPointFactory::AddTotalResponsesToDict(System.Collections.Generic.Dictionary`2<System.String,System.String>,System.String)
DA:214,0
DA:215,0
DA:216,0
DA:217,0
DA:218,0
DA:219,0
DA:220,0
DA:221,0
FN:10,System.Void CourseProject.EvalDataPointFactory::.ctor(System.String)
FNDA:0,System.Void CourseProject.EvalDataPointFactory::.ctor(System.String)
DA:11,0
DA:12,0
DA:13,0
DA:14,0
LF:155
LH:0
BRF:4
BRH:0
FNF:25
FNH:0
end_of_record
SF:c:\Users\BudoB\OneDrive\Dokumenter Tekst\Programmering\CourseProject\CourseProjectCSharp\src\legacy\FileAccess.cs
FN:7,System.String CourseProject.FileAccess::get_UrlDictKey()
FNDA:0,System.String CourseProject.FileAccess::get_UrlDictKey()
DA:8,0
FN:8,System.String CourseProject.FileAccess::get_HtmlDictKey()
FNDA:0,System.String CourseProject.FileAccess::get_HtmlDictKey()
DA:9,0
FN:9,System.Collections.Generic.Dictionary`2<System.String,System.Collections.Generic.Dictionary`2<System.String,System.String>> CourseProject.FileAccess::get_UnparsedData()
FNDA:0,System.Collections.Generic.Dictionary`2<System.String,System.Collections.Generic.Dictionary`2<System.String,System.String>> CourseProject.FileAccess::get_UnparsedData()
DA:10,0
FN:12,System.Collections.Generic.Dictionary`2<System.String,System.String> CourseProject.FileAccess::FetchData(System.String,System.String,System.String,System.String)
FNDA:0,System.Collections.Generic.Dictionary`2<System.String,System.String> CourseProject.FileAccess::FetchData(System.String,System.String,System.String,System.String)
DA:13,0
DA:14,0
DA:15,0
DA:16,0
DA:17,0
DA:18,0
DA:19,0
DA:20,0
BRDA:15,27,0,0
BRDA:15,27,1,0
FN:22,System.Void CourseProject.FileAccess::LoadParsedDataFromDisk(System.String,System.String,System.String)
FNDA:0,System.Void CourseProject.FileAccess::LoadParsedDataFromDisk(System.String,System.String,System.String)
DA:23,0
DA:24,0
DA:25,0
DA:26,0
DA:27,0
DA:28,0
DA:29,0
DA:30,0
DA:31,0
DA:32,0
DA:33,0
DA:34,0
BRDA:25,21,0,0
BRDA:25,21,1,0
BRDA:30,95,1,0
BRDA:30,95,0,0
FN:36,System.Void CourseProject.FileAccess::ParseScrapedData(System.String,System.String,System.String)
FNDA:0,System.Void CourseProject.FileAccess::ParseScrapedData(System.String,System.String,System.String)
DA:37,0
DA:38,0
DA:39,0
DA:40,0
DA:41,0
DA:42,0
DA:43,0
DA:44,0
DA:45,0
DA:46,0
DA:47,0
DA:48,0
DA:49,0
DA:51,0
DA:52,0
DA:53,0
DA:54,0
DA:55,0
DA:56,0
BRDA:39,23,0,0
BRDA:39,23,1,0
BRDA:46,132,1,0
BRDA:46,132,0,0
FN:58,System.Void CourseProject.FileAccess::ScrapeData(System.String,System.String,System.String)
FNDA:0,System.Void CourseProject.FileAccess::ScrapeData(System.String,System.String,System.String)
DA:59,0
DA:60,0
DA:61,0
DA:62,0
DA:63,0
DA:64,0
DA:65,0
DA:66,0
DA:67,0
DA:68,0
DA:69,0
DA:70,0
DA:71,0
DA:72,0
DA:73,0
BRDA:62,103,1,0
BRDA:62,103,0,0
FN:75,System.Collections.Generic.Dictionary`2<System.String,System.Collections.Generic.Dictionary`2<System.String,System.String>> CourseProject.FileAccess::ReadJson(System.String)
FNDA:0,System.Collections.Generic.Dictionary`2<System.String,System.Collections.Generic.Dictionary`2<System.String,System.String>> CourseProject.FileAccess::ReadJson(System.String)
DA:76,0
DA:77,0
DA:79,0
DA:80,0
DA:81,0
DA:82,0
DA:84,0
DA:85,0
BRDA:80,42,0,0
BRDA:80,42,1,0
FN:87,System.Void CourseProject.FileAccess::WriteJson(System.String,System.Collections.Generic.Dictionary`2<System.String,System.Collections.Generic.Dictionary`2<System.String,System.String>>)
FNDA:0,System.Void CourseProject.FileAccess::WriteJson(System.String,System.Collections.Generic.Dictionary`2<System.String,System.Collections.Generic.Dictionary`2<System.String,System.String>>)
DA:88,0
DA:90,0
DA:91,0
DA:92,0
DA:93,0
DA:94,0
DA:95,0
DA:96,0
DA:97,0
DA:98,0
DA:100,0
FN:101,System.String CourseProject.FileAccess::GenerateDictKey(System.String,System.String,System.String,System.String)
FNDA:0,System.String CourseProject.FileAccess::GenerateDictKey(System.String,System.String,System.String,System.String)
DA:102,0
DA:103,0
DA:104,0
DA:105,0
FN:106,System.String CourseProject.FileAccess::ParsedDataFilePath(System.String,System.String,System.String)
FNDA:0,System.String CourseProject.FileAccess::ParsedDataFilePath(System.String,System.String,System.String)
DA:107,0
DA:108,0
DA:109,0
DA:110,0
DA:111,0
FN:113,System.String CourseProject.FileAccess::UnparsedDataFilePath(System.String,System.String,System.String)
FNDA:0,System.String CourseProject.FileAccess::UnparsedDataFilePath(System.String,System.String,System.String)
DA:114,0
DA:115,0
DA:116,0
DA:117,0
DA:118,0
LF:90
LH:0
BRF:14
BRH:0
FNF:12
FNH:0
end_of_record
SF:c:\Users\BudoB\OneDrive\Dokumenter Tekst\Programmering\CourseProject\CourseProjectCSharp\src\legacy\GradeDataPointFactory.cs
FN:14,CourseProject.DataPoint`1<System.String> CourseProject.GradeDataPointFactory::AltCourseID()
FNDA:0,CourseProject.DataPoint`1<System.String> CourseProject.GradeDataPointFactory::AltCourseID()
DA:15,0
DA:16,0
DA:17,0
DA:18,0
DA:19,0
FN:21,CourseProject.DataPoint`1<System.String> CourseProject.GradeDataPointFactory::AltCourseName()
FNDA:0,CourseProject.DataPoint`1<System.String> CourseProject.GradeDataPointFactory::AltCourseName()
DA:22,0
DA:23,0
DA:24,0
DA:25,0
DA:26,0
FN:28,CourseProject.DataPoint`1<System.String> CourseProject.GradeDataPointFactory::ExamPeriod()
FNDA:0,CourseProject.DataPoint`1<System.String> CourseProject.GradeDataPointFactory::ExamPeriod()
DA:29,0
DA:30,0
DA:31,0
DA:32,0
DA:33,0
FN:35,CourseProject.DataPoint`1<System.String> CourseProject.GradeDataPointFactory::AntalTilmeldte()
FNDA:0,CourseProject.DataPoint`1<System.String> CourseProject.GradeDataPointFactory::AntalTilmeldte()
DA:36,0
DA:37,0
DA:38,0
DA:39,0
DA:40,0
FN:42,CourseProject.DataPoint`1<System.String> CourseProject.GradeDataPointFactory::Fremmoedte()
FNDA:0,CourseProject.DataPoint`1<System.String> CourseProject.GradeDataPointFactory::Fremmoedte()
DA:43,0
DA:44,0
DA:45,0
DA:46,0
DA:47,0
FN:49,CourseProject.DataPoint`1<System.String> CourseProject.GradeDataPointFactory::AntalBestaaet()
FNDA:0,CourseProject.DataPoint`1<System.String> CourseProject.GradeDataPointFactory::AntalBestaaet()
DA:50,0
DA:51,0
DA:52,0
DA:53,0
DA:54,0
FN:56,CourseProject.DataPoint`1<System.String> CourseProject.GradeDataPointFactory::AndreVersioner()
FNDA:0,CourseProject.DataPoint`1<System.String> CourseProject.GradeDataPointFactory::AndreVersioner()
DA:57,0
DA:58,0
DA:59,0
DA:60,0
DA:61,0
FN:63,CourseProject.DataPoint`1<System.String> CourseProject.GradeDataPointFactory::Opdateret()
FNDA:0,CourseProject.DataPoint`1<System.String> CourseProject.GradeDataPointFactory::Opdateret()
DA:64,0
DA:65,0
DA:66,0
DA:67,0
DA:68,0
FN:70,CourseProject.DataPoint`1<System.String> CourseProject.GradeDataPointFactory::GradeTable()
FNDA:0,CourseProject.DataPoint`1<System.String> CourseProject.GradeDataPointFactory::GradeTable()
DA:71,0
DA:72,0
DA:73,0
DA:74,0
FN:76,CourseProject.DataPoint`1<System.String> CourseProject.GradeDataPointFactory::Grade10()
FNDA:0,CourseProject.DataPoint`1<System.String> CourseProject.GradeDataPointFactory::Grade10()
DA:77,0
DA:78,0
DA:79,0
DA:80,0
FN:82,CourseProject.DataPoint`1<System.String> CourseProject.GradeDataPointFactory::Grade7()
FNDA:0,CourseProject.DataPoint`1<System.String> CourseProject.GradeDataPointFactory::Grade7()
DA:83,0
DA:84,0
DA:85,0
DA:86,0
FN:88,CourseProject.DataPoint`1<System.String> CourseProject.GradeDataPointFactory::GradeX(System.String)
FNDA:0,CourseProject.DataPoint`1<System.String> CourseProject.GradeDataPointFactory::GradeX(System.String)
DA:89,0
DA:90,0
DA:91,0
DA:92,0
DA:93,0
FN:95,System.String CourseProject.GradeDataPointFactory::ParseGrade(System.String)
FNDA:0,System.String CourseProject.GradeDataPointFactory::ParseGrade(System.String)
DA:96,0
DA:97,0
DA:98,0
DA:99,0
DA:100,0
DA:101,0
DA:102,0
FN:105,System.String CourseProject.GradeDataPointFactory::ParseAltCourseID()
FNDA:0,System.String CourseProject.GradeDataPointFactory::ParseAltCourseID()
DA:106,0
DA:107,0
DA:108,0
DA:109,0
DA:110,0
DA:112,0
DA:113,0
FN:115,System.String CourseProject.GradeDataPointFactory::ParseAltCourseName()
FNDA:0,System.String CourseProject.GradeDataPointFactory::ParseAltCourseName()
DA:116,0
DA:117,0
DA:118,0
DA:119,0
DA:120,0
DA:122,0
DA:123,0
FN:125,System.String CourseProject.GradeDataPointFactory::ParseExamPeriod()
FNDA:0,System.String CourseProject.GradeDataPointFactory::ParseExamPeriod()
DA:126,0
DA:127,0
DA:128,0
DA:129,0
DA:130,0
DA:132,0
DA:133,0
FN:136,System.String CourseProject.GradeDataPointFactory::ParseAntalTilmeldte()
FNDA:0,System.String CourseProject.GradeDataPointFactory::ParseAntalTilmeldte()
DA:137,0
DA:138,0
DA:139,0
DA:140,0
DA:141,0
DA:143,0
DA:144,0
FN:146,System.String CourseProject.GradeDataPointFactory::ParseFremmoedte()
FNDA:0,System.String CourseProject.GradeDataPointFactory::ParseFremmoedte()
DA:147,0
DA:148,0
DA:149,0
DA:150,0
DA:151,0
DA:153,0
DA:154,0
FN:156,System.String CourseProject.GradeDataPointFactory::ParseAntalBestaaet()
FNDA:0,System.String CourseProject.GradeDataPointFactory::ParseAntalBestaaet()
DA:157,0
DA:158,0
DA:159,0
DA:160,0
DA:161,0
DA:163,0
DA:164,0
FN:166,System.String CourseProject.GradeDataPointFactory::ParseAndreVersioner()
FNDA:0,System.String CourseProject.GradeDataPointFactory::ParseAndreVersioner()
DA:167,0
DA:168,0
DA:169,0
DA:170,0
DA:171,0
DA:172,0
DA:173,0
FN:175,System.String CourseProject.GradeDataPointFactory::ParseOpdateret()
FNDA:0,System.String CourseProject.GradeDataPointFactory::ParseOpdateret()
DA:176,0
DA:177,0
DA:178,0
DA:179,0
DA:180,0
DA:181,0
DA:182,0
FN:8,System.Void CourseProject.GradeDataPointFactory::.ctor(System.String)
FNDA:0,System.Void CourseProject.GradeDataPointFactory::.ctor(System.String)
DA:9,0
DA:10,0
DA:11,0
DA:12,0
LF:124
LH:0
BRF:0
BRH:0
FNF:22
FNH:0
end_of_record
SF:c:\Users\BudoB\OneDrive\Dokumenter Tekst\Programmering\CourseProject\CourseProjectCSharp\src\legacy\GradeLegacy.cs
FN:6,System.String CourseProject.LegacyGrade::get_Name()
FNDA:0,System.String CourseProject.LegacyGrade::get_Name()
DA:7,0
FN:7,System.Single CourseProject.LegacyGrade::get_NumericalWeight()
FNDA:0,System.Single CourseProject.LegacyGrade::get_NumericalWeight()
DA:8,0
FN:8,System.Boolean CourseProject.LegacyGrade::get_HasNumericWeight()
FNDA:0,System.Boolean CourseProject.LegacyGrade::get_HasNumericWeight()
DA:9,0
FN:9,System.Boolean CourseProject.LegacyGrade::get_PassesExam()
FNDA:0,System.Boolean CourseProject.LegacyGrade::get_PassesExam()
DA:10,0
FN:10,System.Boolean CourseProject.LegacyGrade::get_AttendedExam()
FNDA:0,System.Boolean CourseProject.LegacyGrade::get_AttendedExam()
DA:11,0
FN:11,System.Int32 CourseProject.LegacyGrade::get_Quantity()
FNDA:0,System.Int32 CourseProject.LegacyGrade::get_Quantity()
DA:12,0
FN:41,System.Collections.Generic.Dictionary`2<CourseProject.LegacyGrade/GradeType,System.Func`1<CourseProject.LegacyGrade>> CourseProject.LegacyGrade::Mapping()
FNDA:0,System.Collections.Generic.Dictionary`2<CourseProject.LegacyGrade/GradeType,System.Func`1<CourseProject.LegacyGrade>> CourseProject.LegacyGrade::Mapping()
DA:42,0
DA:43,0
DA:44,0
DA:45,0
DA:46,0
DA:47,0
DA:48,0
DA:49,0
DA:50,0
DA:51,0
DA:52,0
DA:53,0
DA:54,0
DA:55,0
DA:56,0
DA:57,0
DA:58,0
BRDA:43,15,0,0
BRDA:43,15,1,0
BRDA:43,50,0,0
BRDA:43,50,1,0
BRDA:43,85,0,0
BRDA:43,85,1,0
BRDA:43,120,0,0
BRDA:43,120,1,0
BRDA:43,155,0,0
BRDA:43,155,1,0
BRDA:43,190,0,0
BRDA:43,190,1,0
BRDA:43,225,0,0
BRDA:43,225,1,0
BRDA:43,260,0,0
BRDA:43,260,1,0
BRDA:43,295,0,0
BRDA:43,295,1,0
BRDA:43,331,0,0
BRDA:43,331,1,0
BRDA:43,367,0,0
BRDA:43,367,1,0
BRDA:43,403,0,0
BRDA:43,403,1,0
BRDA:43,439,0,0
BRDA:43,439,1,0
FN:60,System.Collections.Generic.List`1<CourseProject.LegacyGrade> CourseProject.LegacyGrade::GradeCollection()
FNDA:0,System.Collections.Generic.List`1<CourseProject.LegacyGrade> CourseProject.LegacyGrade::GradeCollection()
DA:61,0
DA:62,0
DA:63,0
DA:64,0
DA:65,0
DA:66,0
DA:67,0
DA:68,0
DA:69,0
DA:70,0
BRDA:63,63,1,0
BRDA:63,63,0,0
FN:79,System.Void CourseProject.LegacyGrade::AddQuantity(System.Int32)
FNDA:0,System.Void CourseProject.LegacyGrade::AddQuantity(System.Int32)
DA:80,0
DA:81,0
DA:82,0
FN:84,CourseProject.LegacyGrade CourseProject.LegacyGrade::Grade12()
FNDA:0,CourseProject.LegacyGrade CourseProject.LegacyGrade::Grade12()
DA:85,0
DA:86,0
DA:87,0
DA:88,0
DA:89,0
DA:90,0
DA:91,0
FN:93,CourseProject.LegacyGrade CourseProject.LegacyGrade::Grade10()
FNDA:0,CourseProject.LegacyGrade CourseProject.LegacyGrade::Grade10()
DA:94,0
DA:95,0
DA:96,0
FN:98,CourseProject.LegacyGrade CourseProject.LegacyGrade::Grade7()
FNDA:0,CourseProject.LegacyGrade CourseProject.LegacyGrade::Grade7()
DA:99,0
DA:100,0
DA:101,0
FN:103,CourseProject.LegacyGrade CourseProject.LegacyGrade::Grade4()
FNDA:0,CourseProject.LegacyGrade CourseProject.LegacyGrade::Grade4()
DA:104,0
DA:105,0
DA:106,0
FN:108,CourseProject.LegacyGrade CourseProject.LegacyGrade::Grade02()
FNDA:0,CourseProject.LegacyGrade CourseProject.LegacyGrade::Grade02()
DA:109,0
DA:110,0
DA:111,0
FN:113,CourseProject.LegacyGrade CourseProject.LegacyGrade::Grade00()
FNDA:0,CourseProject.LegacyGrade CourseProject.LegacyGrade::Grade00()
DA:114,0
DA:115,0
DA:116,0
FN:118,CourseProject.LegacyGrade CourseProject.LegacyGrade::GradeMinus3()
FNDA:0,CourseProject.LegacyGrade CourseProject.LegacyGrade::GradeMinus3()
DA:119,0
DA:120,0
DA:121,0
FN:123,CourseProject.LegacyGrade CourseProject.LegacyGrade::Passed()
FNDA:0,CourseProject.LegacyGrade CourseProject.LegacyGrade::Passed()
DA:124,0
DA:125,0
DA:126,0
FN:128,CourseProject.LegacyGrade CourseProject.LegacyGrade::Failed()
FNDA:0,CourseProject.LegacyGrade CourseProject.LegacyGrade::Failed()
DA:129,0
DA:130,0
DA:131,0
FN:133,CourseProject.LegacyGrade CourseProject.LegacyGrade::Absent()
FNDA:0,CourseProject.LegacyGrade CourseProject.LegacyGrade::Absent()
DA:134,0
DA:135,0
DA:136,0
FN:138,CourseProject.LegacyGrade CourseProject.LegacyGrade::Sick()
FNDA:0,CourseProject.LegacyGrade CourseProject.LegacyGrade::Sick()
DA:139,0
DA:140,0
DA:141,0
FN:143,CourseProject.LegacyGrade CourseProject.LegacyGrade::Approved()
FNDA:0,CourseProject.LegacyGrade CourseProject.LegacyGrade::Approved()
DA:144,0
DA:145,0
DA:146,0
FN:148,CourseProject.LegacyGrade CourseProject.LegacyGrade::NotApproved()
FNDA:0,CourseProject.LegacyGrade CourseProject.LegacyGrade::NotApproved()
DA:149,0
DA:150,0
DA:151,0
FN:13,System.Void CourseProject.LegacyGrade::.ctor(System.String,System.Single,System.Boolean,System.Boolean)
FNDA:0,System.Void CourseProject.LegacyGrade::.ctor(System.String,System.Single,System.Boolean,System.Boolean)
DA:14,0
DA:15,0
DA:16,0
DA:17,0
DA:18,0
DA:19,0
DA:20,0
DA:21,0
DA:22,0
FN:152,System.Void CourseProject.LegacyGrade::.cctor()
FNDA:0,System.Void CourseProject.LegacyGrade::.cctor()
DA:153,0
DA:154,0
LF:90
LH:0
BRF:28
BRH:0
FNF:24
FNH:0
end_of_record
SF:c:\Users\BudoB\OneDrive\Dokumenter Tekst\Programmering\CourseProject\CourseProjectCSharp\src\legacy\HtmlEvaluationParser.cs
FN:7,System.Collections.Generic.Dictionary`2<System.String,System.String> CourseProject.HtmlEvaluationParser::ParseAll(System.String)
FNDA:0,System.Collections.Generic.Dictionary`2<System.String,System.String> CourseProject.HtmlEvaluationParser::ParseAll(System.String)
DA:8,0
DA:9,0
DA:10,0
DA:11,0
DA:12,0
DA:13,0
DA:14,0
DA:15,0
DA:16,0
DA:17,0
BRDA:10,82,1,0
BRDA:10,82,0,0
FN:19,System.String CourseProject.HtmlEvaluationParser::ParseDataPoint(System.String,CourseProject.EvalDataPoint)
FNDA:0,System.String CourseProject.HtmlEvaluationParser::ParseDataPoint(System.String,CourseProject.EvalDataPoint)
DA:20,0
DA:21,0
DA:22,0
DA:23,0
DA:24,0
DA:25,0
FN:27,System.String CourseProject.HtmlEvaluationParser::ParseCourseID(System.String,System.String)
FNDA:0,System.String CourseProject.HtmlEvaluationParser::ParseCourseID(System.String,System.String)
DA:28,0
DA:29,0
DA:30,0
DA:31,0
DA:32,0
DA:34,0
DA:35,0
FN:37,System.String CourseProject.HtmlEvaluationParser::ParseCourseName(System.String,System.String)
FNDA:0,System.String CourseProject.HtmlEvaluationParser::ParseCourseName(System.String,System.String)
DA:38,0
DA:39,0
DA:40,0
DA:41,0
DA:42,0
DA:44,0
DA:45,0
FN:47,System.String CourseProject.HtmlEvaluationParser::ParseTerm(System.String,System.String)
FNDA:0,System.String CourseProject.HtmlEvaluationParser::ParseTerm(System.String,System.String)
DA:48,0
DA:49,0
DA:50,0
DA:51,0
DA:52,0
DA:54,0
DA:55,0
FN:57,System.String CourseProject.HtmlEvaluationParser::ParseCouldRespond(System.String,System.String)
FNDA:0,System.String CourseProject.HtmlEvaluationParser::ParseCouldRespond(System.String,System.String)
DA:58,0
DA:59,0
DA:60,0
DA:61,0
DA:62,0
DA:63,0
DA:64,0
FN:66,System.String CourseProject.HtmlEvaluationParser::ParseDidRespond(System.String,System.String)
FNDA:0,System.String CourseProject.HtmlEvaluationParser::ParseDidRespond(System.String,System.String)
DA:67,0
DA:68,0
DA:69,0
DA:70,0
DA:71,0
DA:72,0
DA:73,0
FN:75,System.String CourseProject.HtmlEvaluationParser::ParseShouldNotRespond(System.String,System.String)
FNDA:0,System.String CourseProject.HtmlEvaluationParser::ParseShouldNotRespond(System.String,System.String)
DA:76,0
DA:77,0
DA:78,0
DA:79,0
DA:80,0
DA:81,0
DA:82,0
FN:84,System.String CourseProject.HtmlEvaluationParser::ParseQuestion(System.String,System.String)
FNDA:0,System.String CourseProject.HtmlEvaluationParser::ParseQuestion(System.String,System.String)
DA:85,0
DA:86,0
DA:88,0
DA:89,0
DA:91,0
DA:92,0
DA:94,0
DA:95,0
FN:97,System.String CourseProject.HtmlEvaluationParser::IsolateQuestionSection(System.String,System.String)
FNDA:0,System.String CourseProject.HtmlEvaluationParser::IsolateQuestionSection(System.String,System.String)
DA:98,0
DA:99,0
DA:100,0
DA:101,0
DA:102,0
DA:103,0
DA:104,0
FN:106,System.Void CourseProject.HtmlEvaluationParser::AddQuestionTextToDict(System.Collections.Generic.Dictionary`2<System.String,System.String>,System.String)
FNDA:0,System.Void CourseProject.HtmlEvaluationParser::AddQuestionTextToDict(System.Collections.Generic.Dictionary`2<System.String,System.String>,System.String)
DA:107,0
DA:108,0
DA:109,0
DA:110,0
DA:111,0
DA:112,0
DA:113,0
DA:114,0
DA:115,0
DA:116,0
FN:118,System.Void CourseProject.HtmlEvaluationParser::AddOptionsToDict(System.Collections.Generic.Dictionary`2<System.String,System.String>,System.String)
FNDA:0,System.Void CourseProject.HtmlEvaluationParser::AddOptionsToDict(System.Collections.Generic.Dictionary`2<System.String,System.String>,System.String)
DA:119,0
DA:120,0
DA:121,0
DA:122,0
DA:123,0
DA:124,0
DA:126,0
DA:127,0
DA:128,0
DA:129,0
DA:130,0
DA:131,0
DA:133,0
DA:134,0
DA:135,0
DA:136,0
DA:137,0
BRDA:126,137,1,0
BRDA:128,79,0,0
BRDA:128,79,1,0
BRDA:126,137,0,0
FN:139,System.Void CourseProject.HtmlEvaluationParser::AddTotalResponsesToDict(System.Collections.Generic.Dictionary`2<System.String,System.String>,System.String)
FNDA:0,System.Void CourseProject.HtmlEvaluationParser::AddTotalResponsesToDict(System.Collections.Generic.Dictionary`2<System.String,System.String>,System.String)
DA:140,0
DA:141,0
DA:142,0
DA:143,0
DA:144,0
DA:145,0
DA:146,0
DA:147,0
FN:148,System.Void CourseProject.HtmlEvaluationParser::.cctor()
FNDA:0,System.Void CourseProject.HtmlEvaluationParser::.cctor()
DA:149,0
DA:150,0
DA:151,0
DA:152,0
DA:153,0
DA:154,0
DA:155,0
DA:156,0
DA:157,0
DA:158,0
DA:159,0
DA:160,0
DA:161,0
DA:162,0
DA:163,0
DA:165,0
DA:166,0
DA:167,0
DA:168,0
DA:169,0
DA:170,0
DA:171,0
DA:172,0
DA:173,0
DA:174,0
DA:175,0
DA:176,0
DA:177,0
DA:178,0
DA:179,0
LF:138
LH:0
BRF:6
BRH:0
FNF:14
FNH:0
end_of_record
SF:c:\Users\BudoB\OneDrive\Dokumenter Tekst\Programmering\CourseProject\CourseProjectCSharp\src\legacy\HtmlGradeParser.cs
FN:7,System.Collections.Generic.Dictionary`2<System.String,System.String> CourseProject.HtmlGradeParser::ParseAllGradeData(System.String)
FNDA:0,System.Collections.Generic.Dictionary`2<System.String,System.String> CourseProject.HtmlGradeParser::ParseAllGradeData(System.String)
DA:8,0
DA:9,0
DA:10,0
DA:11,0
DA:12,0
DA:13,0
FN:15,System.String CourseProject.HtmlGradeParser::ParseX(System.String)
FNDA:0,System.String CourseProject.HtmlGradeParser::ParseX(System.String)
DA:16,0
DA:17,0
DA:18,0
DA:19,0
LF:10
LH:0
BRF:0
BRH:0
FNF:2
FNH:0
end_of_record
SF:c:\Users\BudoB\OneDrive\Dokumenter Tekst\Programmering\CourseProject\CourseProjectCSharp\src\legacy\Label.cs
FN:6,CourseProject.LegacyDomain CourseProject.Label::get_Domain()
FNDA:0,CourseProject.LegacyDomain CourseProject.Label::get_Domain()
DA:7,0
FN:7,System.String CourseProject.Label::get_Name()
FNDA:0,System.String CourseProject.Label::get_Name()
DA:8,0
FN:16,System.String CourseProject.Label::GenerateName()
FNDA:0,System.String CourseProject.Label::GenerateName()
DA:17,0
DA:18,0
DA:19,0
DA:20,0
FN:9,System.Void CourseProject.Label::.ctor(CourseProject.LegacyDomain)
FNDA:0,System.Void CourseProject.Label::.ctor(CourseProject.LegacyDomain)
DA:10,0
DA:11,0
DA:12,0
DA:13,0
DA:14,0
LF:11
LH:0
BRF:0
BRH:0
FNF:4
FNH:0
end_of_record
SF:c:\Users\BudoB\OneDrive\Dokumenter Tekst\Programmering\CourseProject\CourseProjectCSharp\src\legacy\Time.cs
FN:6,System.String CourseProject.Time::get_Name()
FNDA:0,System.String CourseProject.Time::get_Name()
DA:7,0
FN:14,System.String CourseProject.Time::CreateUniqueID()
FNDA:0,System.String CourseProject.Time::CreateUniqueID()
DA:15,0
DA:16,0
DA:17,0
DA:18,0
FN:8,System.Void CourseProject.Time::.ctor(System.String)
FNDA:0,System.Void CourseProject.Time::.ctor(System.String)
DA:9,0
DA:10,0
DA:11,0
DA:12,0
LF:9
LH:0
BRF:0
BRH:0
FNF:3
FNH:0
end_of_record
SF:c:\Users\BudoB\OneDrive\Dokumenter Tekst\Programmering\CourseProject\CourseProjectCSharp\src\Model\DataClasses\Course\CourseEdition\Course.cs
FN:6,CourseProject.CourseMetaData CourseProject.Course::get_CourseMetaData()
FNDA:0,CourseProject.CourseMetaData CourseProject.Course::get_CourseMetaData()
DA:7,0
FN:7,System.String CourseProject.Course::get_Name()
FNDA:0,System.String CourseProject.Course::get_Name()
DA:8,0
FN:8,System.String CourseProject.Course::get_Time()
FNDA:0,System.String CourseProject.Course::get_Time()
DA:9,0
FN:9,System.String CourseProject.Course::get_LastUpdated()
FNDA:0,System.String CourseProject.Course::get_LastUpdated()
DA:10,0
FN:10,System.Void CourseProject.Course::.ctor()
FNDA:0,System.Void CourseProject.Course::.ctor()
DA:11,0
DA:12,0
DA:13,0
DA:14,0
DA:15,0
DA:16,0
DA:17,0
LF:11
LH:0
BRF:0
BRH:0
FNF:5
FNH:0
end_of_record
SF:c:\Users\BudoB\OneDrive\Dokumenter Tekst\Programmering\CourseProject\CourseProjectCSharp\src\Model\DataClasses\Course\CourseEdition\CourseTerm\CourseTerm.cs
FN:6,System.String CourseProject.CourseTerm::get_ID()
FNDA:0,System.String CourseProject.CourseTerm::get_ID()
DA:7,0
FN:7,System.String CourseProject.CourseTerm::get_Name()
FNDA:0,System.String CourseProject.CourseTerm::get_Name()
DA:8,0
FN:8,System.String CourseProject.CourseTerm::get_ExamPeriod()
FNDA:0,System.String CourseProject.CourseTerm::get_ExamPeriod()
DA:9,0
FN:10,System.Void CourseProject.CourseTerm::.ctor()
FNDA:0,System.Void CourseProject.CourseTerm::.ctor()
DA:11,0
DA:12,0
DA:13,0
DA:14,0
DA:15,0
DA:16,0
LF:9
LH:0
BRF:0
BRH:0
FNF:4
FNH:0
end_of_record
SF:c:\Users\BudoB\OneDrive\Dokumenter Tekst\Programmering\CourseProject\CourseProjectCSharp\src\Model\DataClasses\Course\CourseEdition\CourseTerm\EvaluationPage\EvalPage.cs
FN:6,System.String CourseProject.EvalPage::get_ID()
FNDA:0,System.String CourseProject.EvalPage::get_ID()
DA:7,0
FN:7,System.String CourseProject.EvalPage::get_Name()
FNDA:0,System.String CourseProject.EvalPage::get_Name()
DA:8,0
FN:8,System.String CourseProject.EvalPage::get_Term()
FNDA:0,System.String CourseProject.EvalPage::get_Term()
DA:9,0
FN:9,System.Int32 CourseProject.EvalPage::get_CouldRespond()
FNDA:0,System.Int32 CourseProject.EvalPage::get_CouldRespond()
DA:10,0
FN:10,System.Int32 CourseProject.EvalPage::get_DidRespond()
FNDA:0,System.Int32 CourseProject.EvalPage::get_DidRespond()
DA:11,0
FN:11,System.Int32 CourseProject.EvalPage::get_ShouldNotRespond()
FNDA:0,System.Int32 CourseProject.EvalPage::get_ShouldNotRespond()
DA:12,0
[...]
DA:14,0
DA:15,0
DA:16,0
DA:17,0
DA:18,0
DA:19,0
DA:20,0
DA:21,0
DA:22,0
LF:19
LH:0
BRF:0
BRH:0
FNF:8
FNH:0
end_of_record
SF:c:\Users\BudoB\OneDrive\Dokumenter Tekst\Programmering\CourseProject\CourseProjectCSharp\src\Model\DataClasses\Course\CourseEdition\InfoPage\CourseMetaData\CourseMetaData.cs
FN:6,System.String CourseProject.CourseMetaData::get_ID()
FNDA:0,System.String CourseProject.CourseMetaData::get_ID()
DA:7,0
FN:7,System.String CourseProject.CourseMetaData::get_Name()
FNDA:0,System.String CourseProject.CourseMetaData::get_Name()
DA:8,0
FN:8,System.String CourseProject.CourseMetaData::get_Time()
FNDA:0,System.String CourseProject.CourseMetaData::get_Time()
DA:9,0
FN:9,System.String CourseProject.CourseMetaData::get_LastUpdated()
FNDA:0,System.String CourseProject.CourseMetaData::get_LastUpdated()
DA:10,0
FN:19,CourseProject.CourseMetaData CourseProject.CourseMetaData::InitializeEmpty()
FNDA:0,CourseProject.CourseMetaData CourseProject.CourseMetaData::InitializeEmpty()
DA:20,0
DA:21,0
DA:22,0
FN:10,System.Void CourseProject.CourseMetaData::.ctor()
FNDA:0,System.Void CourseProject.CourseMetaData::.ctor()
DA:11,0
DA:12,0
DA:13,0
DA:14,0
DA:15,0
DA:16,0
DA:17,0
LF:14
LH:0
BRF:0
BRH:0
FNF:6
FNH:0
end_of_record
SF:c:\Users\BudoB\OneDrive\Dokumenter Tekst\Programmering\CourseProject\CourseProjectCSharp\src\Model\DataClasses\Course\CourseEdition\InfoPage\InfoPage.cs
FN:6,System.String CourseProject.InfoPage::get_ID()
FNDA:0,System.String CourseProject.InfoPage::get_ID()
DA:7,0
FN:7,System.String CourseProject.InfoPage::get_Name()
FNDA:0,System.String CourseProject.InfoPage::get_Name()
DA:8,0
FN:8,System.String CourseProject.InfoPage::get_Year()
FNDA:0,System.String CourseProject.InfoPage::get_Year()
DA:9,0
FN:9,System.String CourseProject.InfoPage::get_Announcement()
FNDA:0,System.String CourseProject.InfoPage::get_Announcement()
DA:10,0
FN:10,System.String CourseProject.InfoPage::get_StudyLines()
FNDA:0,System.String CourseProject.InfoPage::get_StudyLines()
DA:11,0
FN:11,System.Collections.Generic.Dictionary`2<System.String,System.String> CourseProject.InfoPage::get_InfoTableContent()
FNDA:0,System.Collections.Generic.Dictionary`2<System.String,System.String> CourseProject.InfoPage::get_InfoTableContent()
DA:12,0
FN:12,System.String CourseProject.InfoPage::get_LastUpdated()
FNDA:0,System.String CourseProject.InfoPage::get_LastUpdated()
DA:13,0
FN:26,CourseProject.InfoPage CourseProject.InfoPage::CreateEmpty()
FNDA:0,CourseProject.InfoPage CourseProject.InfoPage::CreateEmpty()
DA:27,0
DA:28,0
DA:29,0
DA:30,0
FN:14,System.Void CourseProject.InfoPage::.ctor(CourseProject.IInfoParser)
FNDA:0,System.Void CourseProject.InfoPage::.ctor(CourseProject.IInfoParser)
DA:15,0
DA:16,0
DA:17,0
DA:18,0
DA:19,0
DA:20,0
DA:21,0
DA:22,0
DA:23,0
DA:24,0
LF:21
LH:0
BRF:0
BRH:0
FNF:9
FNH:0
end_of_record
SF:c:\Users\BudoB\OneDrive\Dokumenter Tekst\Programmering\CourseProject\CourseProjectCSharp\src\Model\DataClasses\Course\CourseTitle.cs
FN:6,System.String CourseProject.CourseTitle::get_ID()
FNDA:0,System.String CourseProject.CourseTitle::get_ID()
DA:7,0
FN:7,System.String CourseProject.CourseTitle::get_Name()
FNDA:0,System.String CourseProject.CourseTitle::get_Name()
DA:8,0
FN:16,CourseProject.CourseTitle CourseProject.CourseTitle::CreateEmpty()
FNDA:0,CourseProject.CourseTitle CourseProject.CourseTitle::CreateEmpty()
DA:17,0
DA:18,0
DA:19,0
DA:20,0
DA:21,0
FN:9,System.Void CourseProject.CourseTitle::.ctor(System.String,System.String)
FNDA:0,System.Void CourseProject.CourseTitle::.ctor(System.String,System.String)
DA:10,0
DA:11,0
DA:12,0
DA:13,0
DA:14,0
LF:12
LH:0
BRF:0
BRH:0
FNF:4
FNH:0
end_of_record
SF:c:\Users\BudoB\OneDrive\Dokumenter Tekst\Programmering\CourseProject\CourseProjectCSharp\src\Model\DataClasses\Registries\DataPages.cs
FN:6,System.Collections.Generic.Dictionary`2<System.String,CourseProject.EvalPage> CourseProject.DataPages::get_EvalPages()
FNDA:0,System.Collections.Generic.Dictionary`2<System.String,CourseProject.EvalPage> CourseProject.DataPages::get_EvalPages()
DA:7,0
FN:7,System.Collections.Generic.Dictionary`2<System.String,CourseProject.GradePage> CourseProject.DataPages::get_GradePages()
FNDA:0,System.Collections.Generic.Dictionary`2<System.String,CourseProject.GradePage> CourseProject.DataPages::get_GradePages()
DA:8,0
FN:8,System.Collections.Generic.Dictionary`2<System.String,CourseProject.InfoPage> CourseProject.DataPages::get_InfoPages()
FNDA:0,System.Collections.Generic.Dictionary`2<System.String,CourseProject.InfoPage> CourseProject.DataPages::get_InfoPages()
DA:9,0
FN:18,System.Collections.Generic.Dictionary`2<System.String,CourseProject.EvalPage> CourseProject.DataPages::InitializeEvalPages()
FNDA:0,System.Collections.Generic.Dictionary`2<System.String,CourseProject.EvalPage> CourseProject.DataPages::InitializeEvalPages()
DA:19,0
DA:23,0
DA:24,0
FN:26,CourseProject.EvalPage CourseProject.DataPages::GetEvalPage(System.String)
FNDA:0,CourseProject.EvalPage CourseProject.DataPages::GetEvalPage(System.String)
DA:27,0
DA:28,0
DA:29,0
DA:30,0
DA:33,0
DA:34,0
DA:36,0
BRDA:28,17,0,0
BRDA:28,17,1,0
FN:38,CourseProject.GradePage CourseProject.DataPages::GetGradePage(System.String)
FNDA:0,CourseProject.GradePage CourseProject.DataPages::GetGradePage(System.String)
DA:39,0
DA:40,0
DA:41,0
DA:42,0
DA:45,0
DA:46,0
DA:48,0
BRDA:40,17,0,0
BRDA:40,17,1,0
FN:50,CourseProject.InfoPage CourseProject.DataPages::GetInfoPage(System.String)
FNDA:0,CourseProject.InfoPage CourseProject.DataPages::GetInfoPage(System.String)
DA:51,0
DA:52,0
DA:53,0
DA:54,0
DA:57,0
DA:58,0
DA:60,0
BRDA:52,17,0,0
BRDA:52,17,1,0
FN:10,System.Void CourseProject.DataPages::.ctor()
FNDA:0,System.Void CourseProject.DataPages::.ctor()
DA:11,0
DA:12,0
DA:13,0
DA:14,0
DA:15,0
DA:16,0
LF:33
LH:0
BRF:6
BRH:0
FNF:8
FNH:0
end_of_record
SF:c:\Users\BudoB\OneDrive\Dokumenter Tekst\Programmering\CourseProject\CourseProjectCSharp\src\Model\DataClasses\Registries\Persistence.cs
FN:10,System.Collections.Generic.Dictionary`2<System.String,System.String> CourseProject.Persistence::ScrapedEvals(CourseProject.AnotherLegacyTerm)
FNDA:0,System.Collections.Generic.Dictionary`2<System.String,System.String> CourseProject.Persistence::ScrapedEvals(CourseProject.AnotherLegacyTerm)
DA:11,0
DA:12,0
DA:13,0
DA:14,0
FN:16,System.Collections.Generic.Dictionary`2<System.String,System.String> CourseProject.Persistence::ScrapedGrades(CourseProject.AnotherLegacyTerm)
FNDA:0,System.Collections.Generic.Dictionary`2<System.String,System.String> CourseProject.Persistence::ScrapedGrades(CourseProject.AnotherLegacyTerm)
DA:17,0
DA:18,0
DA:19,0
DA:20,0
FN:22,System.Collections.Generic.Dictionary`2<System.String,System.String> CourseProject.Persistence::ScrapedInfo(CourseProject.LegacyAcademicYear)
FNDA:0,System.Collections.Generic.Dictionary`2<System.String,System.String> CourseProject.Persistence::ScrapedInfo(CourseProject.LegacyAcademicYear)
DA:23,0
DA:24,0
DA:25,0
DA:26,0
FN:28,System.Collections.Generic.Dictionary`2<System.String,System.String> CourseProject.Persistence::ReadJson(System.String)
FNDA:0,System.Collections.Generic.Dictionary`2<System.String,System.String> CourseProject.Persistence::ReadJson(System.String)
DA:29,0
DA:31,0
DA:32,0
DA:33,0
DA:34,0
DA:36,0
DA:37,0
BRDA:32,25,0,0
BRDA:32,25,1,0
FN:39,System.Void CourseProject.Persistence::WriteJson(System.String,System.Collections.Generic.Dictionary`2<System.String,System.String>)
FNDA:0,System.Void CourseProject.Persistence::WriteJson(System.String,System.Collections.Generic.Dictionary`2<System.String,System.String>)
DA:40,0
DA:42,0
DA:43,0
DA:44,0
DA:45,0
DA:46,0
DA:47,0
DA:48,0
DA:49,0
DA:51,0
FN:53,System.String CourseProject.Persistence::EvalFileName(CourseProject.AnotherLegacyTerm)
FNDA:0,System.String CourseProject.Persistence::EvalFileName(CourseProject.AnotherLegacyTerm)
DA:54,0
DA:55,0
DA:56,0
FN:58,System.String CourseProject.Persistence::GradeFileName(CourseProject.AnotherLegacyTerm)
FNDA:0,System.String CourseProject.Persistence::GradeFileName(CourseProject.AnotherLegacyTerm)
DA:59,0
DA:60,0
DA:61,0
FN:63,System.String CourseProject.Persistence::InfoFileName(CourseProject.LegacyAcademicYear)
FNDA:0,System.String CourseProject.Persistence::InfoFileName(CourseProject.LegacyAcademicYear)
DA:64,0
DA:65,0
DA:66,0
FN:6,System.Void CourseProject.Persistence::.cctor()
FNDA:0,System.Void CourseProject.Persistence::.cctor()
DA:7,0
LF:39
LH:0
BRF:2
BRH:0
FNF:9
FNH:0
end_of_record
SF:c:\Users\BudoB\OneDrive\Dokumenter Tekst\Programmering\CourseProject\CourseProjectCSharp\src\Model\DataClasses\Registries\TimePeriods.cs
FN:6,System.Collections.Generic.Dictionary`2<System.String,CourseProject.AcademicYear> CourseProject.TimePeriods::get_AcademicYears()
FNDA:0,System.Collections.Generic.Dictionary`2<System.String,CourseProject.AcademicYear> CourseProject.TimePeriods::get_AcademicYears()
DA:7,0
FN:7,System.Collections.Generic.Dictionary`2<System.String,CourseProject.Term> CourseProject.TimePeriods::get_Terms()
FNDA:0,System.Collections.Generic.Dictionary`2<System.String,CourseProject.Term> CourseProject.TimePeriods::get_Terms()
DA:8,0
FN:16,System.Collections.Generic.Dictionary`2<System.String,CourseProject.AcademicYear> CourseProject.TimePeriods::InitializeAcademicYears()
FNDA:0,System.Collections.Generic.Dictionary`2<System.String,CourseProject.AcademicYear> CourseProject.TimePeriods::InitializeAcademicYears()
DA:17,0
DA:19,0
DA:20,0
FN:22,System.Collections.Generic.Dictionary`2<System.String,CourseProject.Term> CourseProject.TimePeriods::InitializeTerms()
FNDA:0,System.Collections.Generic.Dictionary`2<System.String,CourseProject.Term> CourseProject.TimePeriods::InitializeTerms()
DA:23,0
DA:24,0
DA:25,0
FN:27,CourseProject.AcademicYear CourseProject.TimePeriods::GetAcademicYear(System.String)
FNDA:0,CourseProject.AcademicYear CourseProject.TimePeriods::GetAcademicYear(System.String)
DA:28,0
DA:29,0
DA:30,0
DA:31,0
DA:34,0
DA:35,0
DA:37,0
BRDA:29,17,0,0
BRDA:29,17,1,0
FN:39,CourseProject.Term CourseProject.TimePeriods::GetTerm(System.String)
FNDA:0,CourseProject.Term CourseProject.TimePeriods::GetTerm(System.String)
DA:40,0
DA:41,0
DA:42,0
DA:43,0
DA:46,0
DA:47,0
DA:49,0
BRDA:41,17,0,0
BRDA:41,17,1,0
FN:9,System.Void CourseProject.TimePeriods::.ctor()
FNDA:0,System.Void CourseProject.TimePeriods::.ctor()
DA:10,0
DA:11,0
DA:12,0
DA:13,0
DA:14,0
LF:27
LH:0
BRF:4
BRH:0
FNF:7
FNH:0
end_of_record
SF:c:\Users\BudoB\OneDrive\Dokumenter Tekst\Programmering\CourseProject\CourseProjectCSharp\src\Model\DataClasses\TimeIntervals\AcademicYear\AcademicYear.cs
FN:12,System.Int32 CourseProject.AcademicYear::get_StartYear()
FNDA:0,System.Int32 CourseProject.AcademicYear::get_StartYear()
DA:13,0
FN:13,System.Int32 CourseProject.AcademicYear::get_EndYear()
FNDA:0,System.Int32 CourseProject.AcademicYear::get_EndYear()
DA:14,0
FN:14,System.Int32 CourseProject.AcademicYear::get_TwoDigitStartYear()
FNDA:0,System.Int32 CourseProject.AcademicYear::get_TwoDigitStartYear()
DA:15,0
FN:15,System.Int32 CourseProject.AcademicYear::get_TwoDigitEndYear()
FNDA:0,System.Int32 CourseProject.AcademicYear::get_TwoDigitEndYear()
DA:16,0
FN:16,System.Collections.Generic.List`1<CourseProject.Term> CourseProject.AcademicYear::get_Terms()
FNDA:0,System.Collections.Generic.List`1<CourseProject.Term> CourseProject.AcademicYear::get_Terms()
DA:17,0
FN:28,System.Void CourseProject.AcademicYear::AddTerm(CourseProject.Term)
FNDA:0,System.Void CourseProject.AcademicYear::AddTerm(CourseProject.Term)
DA:29,0
DA:30,0
DA:31,0
DA:32,0
DA:33,0
DA:34,0
BRDA:30,18,0,0
BRDA:30,18,1,0
FN:18,System.Void CourseProject.AcademicYear::.ctor(System.Int32)
FNDA:0,System.Void CourseProject.AcademicYear::.ctor(System.Int32)
DA:19,0
DA:20,0
DA:21,0
DA:22,0
DA:23,0
DA:24,0
DA:25,0
DA:26,0
LF:19
LH:0
BRF:2
BRH:0
FNF:7
FNH:0
end_of_record
SF:c:\Users\BudoB\OneDrive\Dokumenter Tekst\Programmering\CourseProject\CourseProjectCSharp\src\Model\DataClasses\TimeIntervals\Term\Term.cs
FN:19,CourseProject.Term/DtuSemester CourseProject.Term::get_Semester()
FNDA:0,CourseProject.Term/DtuSemester CourseProject.Term::get_Semester()
DA:20,0
FN:20,CourseProject.AcademicYear CourseProject.Term::get_AcademicYear()
FNDA:0,CourseProject.AcademicYear CourseProject.Term::get_AcademicYear()
DA:21,0
FN:21,System.String CourseProject.Term::get_Name()
FNDA:0,System.String CourseProject.Term::get_Name()
DA:22,0
FN:29,CourseProject.Term CourseProject.Term::CreateAutumnSemester(CourseProject.AcademicYear)
FNDA:0,CourseProject.Term CourseProject.Term::CreateAutumnSemester(CourseProject.AcademicYear)
DA:30,0
DA:31,0
DA:32,0
DA:33,0
FN:35,CourseProject.Term CourseProject.Term::CreateSpringSemester(CourseProject.AcademicYear)
FNDA:0,CourseProject.Term CourseProject.Term::CreateSpringSemester(CourseProject.AcademicYear)
DA:36,0
DA:37,0
DA:38,0
DA:39,0
FN:41,System.String CourseProject.Term::GenerateName(CourseProject.Term/DtuSemester,CourseProject.AcademicYear)
FNDA:0,System.String CourseProject.Term::GenerateName(CourseProject.Term/DtuSemester,CourseProject.AcademicYear)
DA:42,0
DA:43,0
DA:44,0
DA:45,0
DA:46,0
DA:47,0
DA:48,0
DA:49,0
BRDA:43,6,0,0
BRDA:43,6,1,0
BRDA:43,12,1,0
BRDA:43,12,0,0
FN:51,CourseProject.Term/DtuSemester CourseProject.Term::ParseSemester(System.String)
FNDA:0,CourseProject.Term/DtuSemester CourseProject.Term::ParseSemester(System.String)
DA:52,0
DA:53,0
DA:54,0
DA:55,0
DA:56,0
DA:58,0
DA:59,0
DA:60,0
DA:63,0
DA:64,0
DA:66,0
BRDA:54,21,0,0
BRDA:54,21,1,0
BRDA:54,44,0,0
BRDA:54,44,1,0
BRDA:58,62,0,0
BRDA:58,62,1,0
BRDA:58,85,0,0
BRDA:58,85,1,0
FN:68,System.Int32 CourseProject.Term::ParseYear(System.String)
FNDA:0,System.Int32 CourseProject.Term::ParseYear(System.String)
DA:69,0
DA:70,0
DA:71,0
DA:72,0
DA:73,0
DA:76,0
DA:77,0
DA:79,0
BRDA:70,27,0,0
BRDA:70,27,1,0
FN:81,System.Collections.Generic.List`1<System.String> CourseProject.Term::GenerateTermRange(System.String,System.String)
FNDA:0,System.Collections.Generic.List`1<System.String> CourseProject.Term::GenerateTermRange(System.String,System.String)
DA:82,0
DA:83,0
DA:84,0
DA:85,0
DA:86,0
DA:88,0
DA:89,0
DA:90,0
DA:91,0
DA:92,0
DA:93,0
DA:94,0
DA:96,0
DA:97,0
DA:98,0
DA:99,0
DA:100,0
DA:101,0
DA:102,0
DA:103,0
DA:105,0
DA:106,0
BRDA:88,171,1,0
BRDA:91,135,0,0
BRDA:91,135,1,0
BRDA:88,171,0,0
BRDA:101,184,0,0
BRDA:101,184,1,0
BRDA:101,209,0,0
BRDA:101,209,1,0
FN:108,System.Collections.Generic.List`1<System.Int32> CourseProject.Term::GenerateYearRangeFromTerms(System.Collections.Generic.List`1<System.String>)
FNDA:0,System.Collections.Generic.List`1<System.Int32> CourseProject.Term::GenerateYearRangeFromTerms(System.Collections.Generic.List`1<System.String>)
DA:109,0
DA:110,0
DA:111,0
DA:112,0
DA:113,0
DA:114,0
DA:115,0
DA:116,0
DA:117,0
DA:118,0
DA:119,0
DA:120,0
DA:121,0
DA:122,0
DA:123,0
DA:124,0
BRDA:111,106,1,0
BRDA:113,57,0,0
BRDA:116,84,0,0
BRDA:116,84,1,0
BRDA:113,57,1,0
BRDA:111,106,0,0
FN:18,System.Void CourseProject.Term::.ctor(CourseProject.Term/DtuSemester,CourseProject.AcademicYear)
FNDA:0,System.Void CourseProject.Term::.ctor(CourseProject.Term/DtuSemester,CourseProject.AcademicYear)
DA:19,0
DA:23,0
DA:24,0
DA:25,0
DA:26,0
DA:27,0
DA:28,0
FN:6,System.Void CourseProject.Term::.cctor()
FNDA:0,System.Void CourseProject.Term::.cctor()
DA:7,0
DA:8,0
DA:14,0
DA:15,0
DA:16,0
DA:17,0
DA:18,0
LF:90
LH:0
BRF:28
BRH:0
FNF:12
FNH:0
end_of_record
SF:c:\Users\BudoB\OneDrive\Dokumenter Tekst\Programmering\CourseProject\CourseProjectCSharp\src\Program.cs
FN:14,System.Int32 CourseProject.Program::AddNumbers(System.Int32,System.Int32)
FNDA:0,System.Int32 CourseProject.Program::AddNumbers(System.Int32,System.Int32)
DA:15,0
DA:16,0
DA:17,0
FN:27,System.Void CourseProject.Program::Main(System.String[])
FNDA:0,System.Void CourseProject.Program::Main(System.String[])
DA:28,0
DA:30,0
DA:31,0
DA:34,0
DA:37,0
DA:40,0
DA:43,0
DA:44,0
DA:45,0
DA:46,0
DA:47,0
BRDA:43,176,1,0
BRDA:43,176,0,0
FN:18,System.Void CourseProject.Program::.ctor()
FNDA:0,System.Void CourseProject.Program::.ctor()
DA:19,0
FN:51,System.String CourseProject.PersonClass::get_FirstName()
FNDA:2,System.String CourseProject.PersonClass::get_FirstName()
DA:52,2
FN:52,System.String CourseProject.PersonClass::get_LastName()
FNDA:2,System.String CourseProject.PersonClass::get_LastName()
DA:53,2
FN:53,System.Int32 CourseProject.PersonClass::get_Age()
FNDA:4,System.Int32 CourseProject.PersonClass::get_Age()
DA:54,4
FN:54,System.Void CourseProject.PersonClass::.ctor(System.String,System.String,System.Int32)
FNDA:2,System.Void CourseProject.PersonClass::.ctor(System.String,System.String,System.Int32)
DA:55,2
DA:56,2
DA:57,2
DA:58,2
DA:59,2
DA:60,2
LF:24
LH:9
BRF:2
BRH:0
FNF:7
FNH:4
end_of_record
SF:c:\Users\BudoB\OneDrive\Dokumenter Tekst\Programmering\CourseProject\CourseProjectCSharp\src\Registry.cs
FN:7,System.Collections.Generic.Dictionary`2<System.String,CourseProject.EvalPage> CourseProject.Registry::get_EvalPages()
FNDA:0,System.Collections.Generic.Dictionary`2<System.String,CourseProject.EvalPage> CourseProject.Registry::get_EvalPages()
DA:8,0
FN:8,System.Collections.Generic.Dictionary`2<System.String,CourseProject.GradePage> CourseProject.Registry::get_GradePages()
FNDA:0,System.Collections.Generic.Dictionary`2<System.String,CourseProject.GradePage> CourseProject.Registry::get_GradePages()
DA:9,0
FN:9,System.Collections.Generic.Dictionary`2<System.String,CourseProject.InfoPage> CourseProject.Registry::get_InfoPages()
FNDA:0,System.Collections.Generic.Dictionary`2<System.String,CourseProject.InfoPage> CourseProject.Registry::get_InfoPages()
DA:10,0
FN:10,System.Collections.Generic.Dictionary`2<System.String,CourseProject.AnotherLegacyTerm> CourseProject.Registry::get_Terms()
FNDA:0,System.Collections.Generic.Dictionary`2<System.String,CourseProject.AnotherLegacyTerm> CourseProject.Registry::get_Terms()
DA:11,0
FN:11,System.Collections.Generic.Dictionary`2<System.String,CourseProject.LegacyAcademicYear> CourseProject.Registry::get_Years()
FNDA:0,System.Collections.Generic.Dictionary`2<System.String,CourseProject.LegacyAcademicYear> CourseProject.Registry::get_Years()
DA:12,0
FN:23,System.Void CourseProject.Registry::FillRegistries()
FNDA:0,System.Void CourseProject.Registry::FillRegistries()
DA:24,0
DA:25,0
DA:26,0
DA:27,0
DA:28,0
FN:30,System.Void CourseProject.Registry::FillEvalRegistry()
FNDA:0,System.Void CourseProject.Registry::FillEvalRegistry()
DA:31,0
DA:32,0
DA:33,0
DA:34,0
DA:35,0
DA:36,0
DA:37,0
DA:38,0
DA:39,0
DA:40,0
DA:41,0
DA:42,0
BRDA:32,135,1,0
BRDA:35,108,1,0
BRDA:35,108,0,0
BRDA:32,135,0,0
FN:44,System.Void CourseProject.Registry::FillGradeRegistry()
FNDA:0,System.Void CourseProject.Registry::FillGradeRegistry()
DA:45,0
DA:46,0
DA:47,0
DA:48,0
DA:49,0
DA:50,0
DA:51,0
DA:52,0
DA:53,0
DA:54,0
DA:55,0
DA:56,0
BRDA:46,135,1,0
BRDA:49,108,1,0
BRDA:49,108,0,0
BRDA:46,135,0,0
FN:58,System.Void CourseProject.Registry::FillInfoRegistry()
FNDA:0,System.Void CourseProject.Registry::FillInfoRegistry()
DA:59,0
DA:60,0
DA:61,0
DA:62,0
DA:63,0
DA:64,0
DA:65,0
DA:66,0
DA:67,0
DA:68,0
DA:69,0
DA:70,0
BRDA:60,135,1,0
BRDA:63,108,1,0
BRDA:63,108,0,0
BRDA:60,135,0,0
FN:13,System.Void CourseProject.Registry::.ctor()
FNDA:0,System.Void CourseProject.Registry::.ctor()
DA:14,0
DA:15,0
DA:16,0
DA:17,0
DA:18,0
DA:19,0
DA:20,0
DA:21,0
LF:54
LH:0
BRF:12
BRH:0
FNF:10
FNH:0
end_of_record
SF:c:\Users\BudoB\OneDrive\Dokumenter Tekst\Programmering\CourseProject\CourseProjectCSharp\src\Term.cs
FN:6,System.String CourseProject.AnotherLegacyTerm::get_Name()
FNDA:0,System.String CourseProject.AnotherLegacyTerm::get_Name()
DA:7,0
FN:8,System.Void CourseProject.AnotherLegacyTerm::.ctor()
FNDA:0,System.Void CourseProject.AnotherLegacyTerm::.ctor()
DA:9,0
DA:10,0
DA:11,0
DA:12,0
FN:16,System.String CourseProject.LegacyAcademicYear::get_Name()
FNDA:0,System.String CourseProject.LegacyAcademicYear::get_Name()
DA:17,0
FN:18,System.Void CourseProject.LegacyAcademicYear::.ctor()
FNDA:0,System.Void CourseProject.LegacyAcademicYear::.ctor()
DA:19,0
DA:20,0
DA:21,0
DA:22,0
LF:10
LH:0
BRF:0
BRH:0
FNF:4
FNH:0
end_of_record